[2026-03-02 20:42:10] [Information] ScrambledBugs.cpp(49,28): Initializing...
{
	"fixes": {
		"activateFurniture": true,
		"actorValuePercentage": true,
		"enchantmentCost": true,
		"harvestedFlags": true,
		"hitEffectRaceCondition": true,
		"impactEffectCrash": true,
		"killCamera": true,
		"leftHandPowerAttacks": false,
		"magicEffectFlags": false,
		"modArmorWeightPerkEntryPoint": true,
		"quickShot": true,
		"quickShotPlaybackSpeed": 2.0,
		"terrainDecals": false,
		"trainingMenu": true,
		"weaponCharge": true
	},
	"patches": {
		"accumulatingMagnitude": true,
		"alreadyCaughtPickpocketing": true,
		"attachHitEffectArt": true,
		"blackSoulGems": false,
		"cloakHitEffects": true,
		"equipBestAmmo": false,
		"improveMultipleEnchantmentEffects": false,
		"leveledCharacters": false,
		"lockpickingExperience": false,
		"pausedGameHitEffects": true,
		"perkEntryPoints": {
			"applyMultipleSpells": true,
			"castSpells": true
		},
		"poisonResistance": false,
		"powerAttackStamina": false,
		"reflectDamage": true,
		"scrollExperience": false,
		"staffExperience": false,
		"steepSlopes": false,
		"teammateDifficulty": false,
		"underfilledSoulGems": true
	}
}
[2026-03-02 20:42:10] [Information] ScrambledBugs.cpp(217,28): Initialized.
{
	"fixes": {
		"activateFurniture": true,
		"actorValuePercentage": true,
		"enchantmentCost": true,
		"harvestedFlags": true,
		"hitEffectRaceCondition": true,
		"impactEffectCrash": true,
		"killCamera": true,
		"leftHandPowerAttacks": false,
		"magicEffectFlags": false,
		"modArmorWeightPerkEntryPoint": true,
		"quickShot": true,
		"quickShotPlaybackSpeed": 2.0,
		"terrainDecals": false,
		"trainingMenu": true,
		"weaponCharge": true
	},
	"patches": {
		"accumulatingMagnitude": true,
		"alreadyCaughtPickpocketing": true,
		"attachHitEffectArt": true,
		"blackSoulGems": false,
		"cloakHitEffects": true,
		"equipBestAmmo": false,
		"improveMultipleEnchantmentEffects": false,
		"leveledCharacters": false,
		"lockpickingExperience": false,
		"pausedGameHitEffects": true,
		"perkEntryPoints": {
			"applyMultipleSpells": true,
			"castSpells": true
		},
		"poisonResistance": false,
		"powerAttackStamina": false,
		"reflectDamage": true,
		"scrollExperience": false,
		"staffExperience": false,
		"steepSlopes": false,
		"teammateDifficulty": false,
		"underfilledSoulGems": true
	}
}
[2026-03-02 20:42:23] [Information] Serialization.cpp(81,29): Loading...
[2026-03-02 20:42:23] [Error] Serialization.cpp(119,26): Type mismatch, 1162756936.
[2026-03-02 20:42:23] [Error] Serialization.cpp(119,26): Type mismatch, 1162756936.
[2026-03-02 20:42:23] [Error] Serialization.cpp(119,26): Type mismatch, 1162756936.
[2026-03-02 20:42:23] [Error] Serialization.cpp(119,26): Type mismatch, 1162756936.
[2026-03-02 20:42:23] [Error] Serialization.cpp(119,26): Type mismatch, 1162756936.
[2026-03-02 20:42:23] [Error] Serialization.cpp(119,26): Type mismatch, 1162756936.
[2026-03-02 20:42:23] [Error] Serialization.cpp(119,26): Type mismatch, 1162756936.
[2026-03-02 20:42:23] [Error] Serialization.cpp(119,26): Type mismatch, 1162756936.
[2026-03-02 20:42:23] [Information] Serialization.cpp(124,29): Loaded.
