14:31:54.416 [I] usvfs dll 0.5.5.0 initialized in process 5692
14:31:54.416 [D] remove from process 5692
14:31:54.416 [I] create config in 5692
14:31:54.416 [I] 0 processes
14:31:54.416 [I] mod_organizer_instance_1 created in process 5692
14:31:54.416 [I] attached to mod_organizer_instance_1 with 1 nodes, size 4,194,304 B
14:31:54.416 [I] inv_mod_organizer_instance_1 created in process 5692
14:31:54.417 [I] attached to inv_mod_organizer_instance_1 with 1 nodes, size 131,072 B
14:31:54.417 [D] context current shm: mod_organizer_instance (now 2 connections)
14:31:54.417 [D] clearing blacklist
14:31:54.417 [D] blacklisting 'Chrome.exe'
14:31:54.417 [D] blacklisting 'Firefox.exe'
14:31:54.417 [D] blacklisting 'TSVNCache.exe'
14:31:54.417 [D] blacklisting 'TGitCache.exe'
14:31:54.417 [D] blacklisting 'Steam.exe'
14:31:54.417 [D] blacklisting 'GameOverlayUI.exe'
14:31:54.417 [D] blacklisting 'Discord.exe'
14:31:54.417 [D] blacklisting 'GalaxyClient.exe'
14:31:54.417 [D] blacklisting 'Spotify.exe'
14:31:54.417 [D] clearing forced libraries
14:32:09.149 [I] ran out of memory in tree mod_organizer_instance_1, will create another one
14:32:09.149 [I] creating mod_organizer_instance_2
14:32:09.150 [I] mod_organizer_instance_2 created, activating
14:32:09.157 [I] will destroy mod_organizer_instance_1
14:32:09.157 [I] tree mod_organizer_instance_2 size now 8,388,608 B
14:32:09.157 [I] destroying mod_organizer_instance_1
14:32:09.209 [I] ran out of memory in tree mod_organizer_instance_2, will create another one
14:32:09.209 [I] creating mod_organizer_instance_3
14:32:09.209 [I] mod_organizer_instance_3 created, activating
14:32:09.226 [I] will destroy mod_organizer_instance_2
14:32:09.226 [I] tree mod_organizer_instance_3 size now 16,777,216 B
14:32:09.226 [I] destroying mod_organizer_instance_2
14:32:09.274 [D] clearing forced libraries
14:32:09.346 [I] injecting to process 11356 with different bitness
14:32:09.346 [I] using usvfs proxy: C:\Games\The Elder Scrolls V Skyrim - Special Edition\MO2\usvfs_proxy_x86.exe
14:32:09.490 [I] (proxy) instance: mod_organizer_instance
14:32:09.490 [I] (proxy) exe: 
14:32:09.490 [I] (proxy) pid: 11356
14:32:09.491 [I] (proxy) size: 65536
14:32:09.491 [I] (proxy) addr: 0xde0000
14:32:09.491 [I] (proxy) objs: 1
14:32:09.491 [I] (proxy) injecting to process 11356 with same bitness
14:32:09.491 [I] (proxy) dll path: C:\Games\The Elder Scrolls V Skyrim - Special Edition\MO2\usvfs_x86.dll
14:32:09.491 [I] (proxy) injection to same bitness process 11356 successful
14:32:09.493 [D] proxy run successful
14:32:09.878 [I] usvfs dll 0.5.5.0 initialized in process 11356
14:32:09.878 [I] inithooks called mod_organizer_instance in process C:\Games\The Elder Scrolls V Skyrim - Special Edition\SSEEdit 4.0.4\SSEEdit.exe:11356 (log level 1, dump type 1, dump path C:/Games/The Elder Scrolls V Skyrim - Special Edition/MO2/crashDumps)
14:32:09.878 [I] access existing config in 11356
14:32:09.878 [I] 0 processes
14:32:09.878 [I] mod_organizer_instance_3 opened in process 11356
14:32:09.881 [I] attached to mod_organizer_instance_3 with 44893 nodes, size 16,777,216 B
14:32:09.881 [I] inv_mod_organizer_instance_1 opened in process 11356
14:32:09.881 [I] attached to inv_mod_organizer_instance_1 with 381 nodes, size 131,072 B
14:32:09.881 [I] Process registered in shared process list : 11356
14:32:09.881 [I] Windows version 10.0.19045 sp 0 platform 2 (19041.1.amd64fre.vb_release.191206-1406)
14:32:09.881 [I] hooked GetFileAttributesExW (0x75cb6af0) in C:\Windows\System32\KERNELBASE.dll type overwrite
14:32:09.881 [I] hooked GetFileAttributesW (0x75c8eb40) in C:\Windows\System32\KERNELBASE.dll type overwrite
14:32:09.881 [I] hooked SetFileAttributesW (0x75c86f20) in C:\Windows\System32\KERNELBASE.dll type overwrite
14:32:09.881 [I] hooked CreateDirectoryW (0x75c9d770) in C:\Windows\System32\KERNELBASE.dll type overwrite
14:32:09.881 [I] hooked RemoveDirectoryW (0x75d5bef0) in C:\Windows\System32\KERNELBASE.dll type overwrite
14:32:09.881 [I] hooked DeleteFileW (0x75c90240) in C:\Windows\System32\KERNELBASE.dll type overwrite
14:32:09.881 [I] hooked GetCurrentDirectoryA (0x75c8a6b0) in C:\Windows\System32\KERNELBASE.dll type overwrite
14:32:09.881 [I] hooked GetCurrentDirectoryW (0x75c882c0) in C:\Windows\System32\KERNELBASE.dll type overwrite
14:32:09.881 [I] hooked SetCurrentDirectoryA (0x75d60650) in C:\Windows\System32\KERNELBASE.dll type overwrite
14:32:09.881 [I] hooked SetCurrentDirectoryW (0x75c88cb0) in C:\Windows\System32\KERNELBASE.dll type overwrite
14:32:09.881 [I] hooked ExitProcess (0x777fdb50) in C:\Windows\System32\KERNELBASE.dll type overwrite
14:32:09.881 [I] hooked CreateProcessInternalW (0x75c80210) in C:\Windows\System32\KERNELBASE.dll type overwrite
14:32:09.881 [I] hooked MoveFileA (0x75faf680) in C:\Windows\System32\KERNEL32.DLL type overwrite
14:32:09.881 [I] hooked MoveFileW (0x75fb2350) in C:\Windows\System32\KERNEL32.DLL type overwrite
14:32:09.881 [I] hooked MoveFileExA (0x75fec010) in C:\Windows\System32\KERNEL32.DLL type overwrite
14:32:09.881 [I] hooked MoveFileExW (0x75cbac80) in C:\Windows\System32\KERNELBASE.dll type overwrite
14:32:09.881 [I] hooked MoveFileWithProgressA (0x75fec170) in C:\Windows\System32\KERNEL32.DLL type overwrite
14:32:09.881 [I] hooked MoveFileWithProgressW (0x75cbacb0) in C:\Windows\System32\KERNELBASE.dll type overwrite
14:32:09.881 [I] hooked CopyFileExW (0x75cae3a0) in C:\Windows\System32\KERNELBASE.dll type overwrite
14:32:09.881 [I] hooked CopyFile2 (0x75cfabc0) in C:\Windows\System32\KERNELBASE.dll type overwrite
14:32:09.881 [I] hooked GetPrivateProfileStringA (0x75fab7d0) in C:\Windows\System32\KERNEL32.DLL type overwrite
14:32:09.881 [I] hooked GetPrivateProfileStringW (0x75fa13c0) in C:\Windows\System32\KERNEL32.DLL type overwrite
14:32:09.881 [I] hooked GetPrivateProfileSectionA (0x75fe9870) in C:\Windows\System32\KERNEL32.DLL type overwrite
14:32:09.881 [I] hooked GetPrivateProfileSectionW (0x75fa7d60) in C:\Windows\System32\KERNEL32.DLL type overwrite
14:32:09.881 [I] hooked WritePrivateProfileStringA (0x75fa8da0) in C:\Windows\System32\KERNEL32.DLL type overwrite
14:32:09.881 [I] hooked WritePrivateProfileStringW (0x75fa9620) in C:\Windows\System32\KERNEL32.DLL type overwrite
14:32:09.881 [I] hooked GetFullPathNameA (0x75c7e290) in C:\Windows\System32\KERNELBASE.dll type overwrite
14:32:09.881 [I] hooked GetFullPathNameW (0x75c8ea50) in C:\Windows\System32\KERNELBASE.dll type overwrite
14:32:09.881 [I] hooked FindFirstFileExW (0x75c8c8a0) in C:\Windows\System32\KERNELBASE.dll type overwrite
14:32:09.881 [I] hooked NtQueryFullAttributesFile (0x77814650) in C:\Windows\SYSTEM32\ntdll.dll type overwrite
14:32:09.882 [I] hooked NtQueryAttributesFile (0x778135b0) in C:\Windows\SYSTEM32\ntdll.dll type overwrite
14:32:09.882 [I] hooked NtQueryDirectoryFile (0x77813530) in C:\Windows\SYSTEM32\ntdll.dll type overwrite
14:32:09.882 [I] hooked NtQueryDirectoryFileEx (0x77814610) in C:\Windows\SYSTEM32\ntdll.dll type overwrite
14:32:09.882 [I] hooked NtOpenFile (0x77813510) in C:\Windows\SYSTEM32\ntdll.dll type overwrite
14:32:09.882 [I] hooked NtCreateFile (0x77813730) in C:\Windows\SYSTEM32\ntdll.dll type overwrite
14:32:09.882 [I] hooked NtClose (0x778132b0) in C:\Windows\SYSTEM32\ntdll.dll type overwrite
14:32:09.882 [I] hooked NtTerminateProcess (0x778134a0) in C:\Windows\SYSTEM32\ntdll.dll type overwrite
14:32:09.882 [I] hooked LoadLibraryExW (0x75c91c90) in C:\Windows\System32\KERNELBASE.dll type overwrite
14:32:09.882 [I] hooked GetModuleFileNameW (0x75cac640) in C:\Windows\System32\KERNELBASE.dll type overwrite
14:32:09.882 [I] inithooks in process 11356 successful
14:32:13.482 [E] thread 7260 never released the mutex
14:33:29.033 <11356:11784> [I] mapping file in vfs: C:\Games\The Elder Scrolls V Skyrim - Special Edition\Data\RFAB.esp.save.2026_02_22_14_33_29, C:\Games\The Elder Scrolls V Skyrim - Special Edition\MO2\overwrite\RFAB.esp.save.2026_02_22_14_33_29
14:33:31.796 [I] remove from tree RFAB.esp
14:33:31.796 <11356:11784> [I] Rerouting file open to location of deleted file: C:\Games\The Elder Scrolls V Skyrim - Special Edition\MO2\mods\RFAB\RFAB.esp
14:33:31.796 <11356:11784> [I] Rerouting file open to location of deleted file: C:\Games\The Elder Scrolls V Skyrim - Special Edition\MO2\mods\RFAB\RFAB.esp
14:33:31.796 [I] remove from tree RFAB.esp.save.2026_02_22_14_33_29
14:33:31.796 <11356:11784> [I] mapping file in vfs: C:\Games\The Elder Scrolls V Skyrim - Special Edition\Data\RFAB.esp, C:\Games\The Elder Scrolls V Skyrim - Special Edition\MO2\mods\RFAB\RFAB.esp
14:33:32.045 [I] releasing hook context
14:33:32.045 [I] 2 users left
