00:12:23.040 [I] usvfs dll 0.5.5.0 initialized in process 12376
00:12:23.040 [D] remove from process 12376
00:12:23.040 [I] create config in 12376
00:12:23.040 [I] 0 processes
00:12:23.040 [I] mod_organizer_instance_1 created in process 12376
00:12:23.040 [I] attached to mod_organizer_instance_1 with 1 nodes, size 4,194,304 B
00:12:23.040 [I] inv_mod_organizer_instance_1 created in process 12376
00:12:23.040 [I] attached to inv_mod_organizer_instance_1 with 1 nodes, size 131,072 B
00:12:23.040 [D] context current shm: mod_organizer_instance (now 2 connections)
00:12:23.040 [D] clearing blacklist
00:12:23.040 [D] blacklisting 'Chrome.exe'
00:12:23.040 [D] blacklisting 'Firefox.exe'
00:12:23.040 [D] blacklisting 'TSVNCache.exe'
00:12:23.040 [D] blacklisting 'TGitCache.exe'
00:12:23.040 [D] blacklisting 'Steam.exe'
00:12:23.040 [D] blacklisting 'GameOverlayUI.exe'
00:12:23.040 [D] blacklisting 'Discord.exe'
00:12:23.040 [D] blacklisting 'GalaxyClient.exe'
00:12:23.040 [D] blacklisting 'Spotify.exe'
00:12:23.040 [D] clearing forced libraries
00:12:24.985 [I] ran out of memory in tree mod_organizer_instance_1, will create another one
00:12:24.985 [I] creating mod_organizer_instance_2
00:12:24.985 [I] mod_organizer_instance_2 created, activating
00:12:24.993 [I] will destroy mod_organizer_instance_1
00:12:24.993 [I] tree mod_organizer_instance_2 size now 8,388,608 B
00:12:24.993 [I] destroying mod_organizer_instance_1
00:12:25.048 [I] ran out of memory in tree mod_organizer_instance_2, will create another one
00:12:25.048 [I] creating mod_organizer_instance_3
00:12:25.048 [I] mod_organizer_instance_3 created, activating
00:12:25.066 [I] will destroy mod_organizer_instance_2
00:12:25.066 [I] tree mod_organizer_instance_3 size now 16,777,216 B
00:12:25.066 [I] destroying mod_organizer_instance_2
00:12:25.114 [D] clearing forced libraries
00:12:25.121 [I] injecting to process 2800 with different bitness
00:12:25.121 [I] using usvfs proxy: C:\Games\The Elder Scrolls V Skyrim - Special Edition\MO2\usvfs_proxy_x86.exe
00:12:25.164 [I] (proxy) instance: mod_organizer_instance
00:12:25.164 [I] (proxy) exe: 
00:12:25.164 [I] (proxy) pid: 2800
00:12:25.164 [I] (proxy) size: 65536
00:12:25.164 [I] (proxy) addr: 0xaa0000
00:12:25.164 [I] (proxy) objs: 1
00:12:25.164 [I] (proxy) injecting to process 2800 with same bitness
00:12:25.164 [I] (proxy) dll path: C:\Games\The Elder Scrolls V Skyrim - Special Edition\MO2\usvfs_x86.dll
00:12:25.164 [I] (proxy) injection to same bitness process 2800 successful
00:12:25.166 [D] proxy run successful
00:12:25.178 [I] usvfs dll 0.5.5.0 initialized in process 2800
00:12:25.178 [I] inithooks called mod_organizer_instance in process C:\Games\The Elder Scrolls V Skyrim - Special Edition\SSEEdit 4.0.4\SSEEdit.exe:2800 (log level 1, dump type 1, dump path C:/Games/The Elder Scrolls V Skyrim - Special Edition/MO2/crashDumps)
00:12:25.178 [I] access existing config in 2800
00:12:25.178 [I] 0 processes
00:12:25.178 [I] mod_organizer_instance_3 opened in process 2800
00:12:25.181 [I] attached to mod_organizer_instance_3 with 44873 nodes, size 16,777,216 B
00:12:25.181 [I] inv_mod_organizer_instance_1 opened in process 2800
00:12:25.181 [I] attached to inv_mod_organizer_instance_1 with 365 nodes, size 131,072 B
00:12:25.181 [I] Process registered in shared process list : 2800
00:12:25.181 [I] Windows version 10.0.19045 sp 0 platform 2 (19041.1.amd64fre.vb_release.191206-1406)
00:12:25.181 [I] hooked GetFileAttributesExW (0x76bc6af0) in C:\Windows\System32\KERNELBASE.dll type overwrite
00:12:25.181 [I] hooked GetFileAttributesW (0x76b9eb40) in C:\Windows\System32\KERNELBASE.dll type overwrite
00:12:25.181 [I] hooked SetFileAttributesW (0x76b96f20) in C:\Windows\System32\KERNELBASE.dll type overwrite
00:12:25.181 [I] hooked CreateDirectoryW (0x76bad770) in C:\Windows\System32\KERNELBASE.dll type overwrite
00:12:25.181 [I] hooked RemoveDirectoryW (0x76c6bef0) in C:\Windows\System32\KERNELBASE.dll type overwrite
00:12:25.181 [I] hooked DeleteFileW (0x76ba0240) in C:\Windows\System32\KERNELBASE.dll type overwrite
00:12:25.181 [I] hooked GetCurrentDirectoryA (0x76b9a6b0) in C:\Windows\System32\KERNELBASE.dll type overwrite
00:12:25.181 [I] hooked GetCurrentDirectoryW (0x76b982c0) in C:\Windows\System32\KERNELBASE.dll type overwrite
00:12:25.181 [I] hooked SetCurrentDirectoryA (0x76c70650) in C:\Windows\System32\KERNELBASE.dll type overwrite
00:12:25.181 [I] hooked SetCurrentDirectoryW (0x76b98cb0) in C:\Windows\System32\KERNELBASE.dll type overwrite
00:12:25.181 [I] hooked ExitProcess (0x7751db50) in C:\Windows\System32\KERNELBASE.dll type overwrite
00:12:25.181 [I] hooked CreateProcessInternalW (0x76b90210) in C:\Windows\System32\KERNELBASE.dll type overwrite
00:12:25.181 [I] hooked MoveFileA (0x753cf680) in C:\Windows\System32\KERNEL32.DLL type overwrite
00:12:25.181 [I] hooked MoveFileW (0x753d2350) in C:\Windows\System32\KERNEL32.DLL type overwrite
00:12:25.181 [I] hooked MoveFileExA (0x7540c010) in C:\Windows\System32\KERNEL32.DLL type overwrite
00:12:25.181 [I] hooked MoveFileExW (0x76bcac80) in C:\Windows\System32\KERNELBASE.dll type overwrite
00:12:25.181 [I] hooked MoveFileWithProgressA (0x7540c170) in C:\Windows\System32\KERNEL32.DLL type overwrite
00:12:25.181 [I] hooked MoveFileWithProgressW (0x76bcacb0) in C:\Windows\System32\KERNELBASE.dll type overwrite
00:12:25.181 [I] hooked CopyFileExW (0x76bbe3a0) in C:\Windows\System32\KERNELBASE.dll type overwrite
00:12:25.181 [I] hooked CopyFile2 (0x76c0abc0) in C:\Windows\System32\KERNELBASE.dll type overwrite
00:12:25.181 [I] hooked GetPrivateProfileStringA (0x753cb7d0) in C:\Windows\System32\KERNEL32.DLL type overwrite
00:12:25.181 [I] hooked GetPrivateProfileStringW (0x753c13c0) in C:\Windows\System32\KERNEL32.DLL type overwrite
00:12:25.181 [I] hooked GetPrivateProfileSectionA (0x75409870) in C:\Windows\System32\KERNEL32.DLL type overwrite
00:12:25.181 [I] hooked GetPrivateProfileSectionW (0x753c7d60) in C:\Windows\System32\KERNEL32.DLL type overwrite
00:12:25.181 [I] hooked WritePrivateProfileStringA (0x753c8da0) in C:\Windows\System32\KERNEL32.DLL type overwrite
00:12:25.181 [I] hooked WritePrivateProfileStringW (0x753c9620) in C:\Windows\System32\KERNEL32.DLL type overwrite
00:12:25.181 [I] hooked GetFullPathNameA (0x76b8e290) in C:\Windows\System32\KERNELBASE.dll type overwrite
00:12:25.181 [I] hooked GetFullPathNameW (0x76b9ea50) in C:\Windows\System32\KERNELBASE.dll type overwrite
00:12:25.181 [I] hooked FindFirstFileExW (0x76b9c8a0) in C:\Windows\System32\KERNELBASE.dll type overwrite
00:12:25.181 [I] hooked NtQueryFullAttributesFile (0x77534650) in C:\Windows\SYSTEM32\ntdll.dll type overwrite
00:12:25.181 [I] hooked NtQueryAttributesFile (0x775335b0) in C:\Windows\SYSTEM32\ntdll.dll type overwrite
00:12:25.181 [I] hooked NtQueryDirectoryFile (0x77533530) in C:\Windows\SYSTEM32\ntdll.dll type overwrite
00:12:25.181 [I] hooked NtQueryDirectoryFileEx (0x77534610) in C:\Windows\SYSTEM32\ntdll.dll type overwrite
00:12:25.181 [I] hooked NtOpenFile (0x77533510) in C:\Windows\SYSTEM32\ntdll.dll type overwrite
00:12:25.181 [I] hooked NtCreateFile (0x77533730) in C:\Windows\SYSTEM32\ntdll.dll type overwrite
00:12:25.181 [I] hooked NtClose (0x775332b0) in C:\Windows\SYSTEM32\ntdll.dll type overwrite
00:12:25.181 [I] hooked NtTerminateProcess (0x775334a0) in C:\Windows\SYSTEM32\ntdll.dll type overwrite
00:12:25.181 [I] hooked LoadLibraryExW (0x76ba1c90) in C:\Windows\System32\KERNELBASE.dll type overwrite
00:12:25.181 [I] hooked GetModuleFileNameW (0x76bbc640) in C:\Windows\System32\KERNELBASE.dll type overwrite
00:12:25.181 [I] inithooks in process 2800 successful
00:12:41.351 <2800:7444> [I] mapping file in vfs: C:\Games\The Elder Scrolls V Skyrim - Special Edition\Data\SSEEdit Cache\103758D4_RFAB_esp_2A145ADC_g1252_t65001_l65001_russian.refcache, C:\Games\The Elder Scrolls V Skyrim - Special Edition\MO2\overwrite\SSEEdit Cache\103758D4_RFAB_esp_2A145ADC_g1252_t65001_l65001_russian.refcache
00:26:41.582 [I] releasing hook context
00:26:41.582 [I] 2 users left
00:26:54.926 [D] clearing forced libraries
00:26:54.932 [I] injecting to process 2328 with different bitness
00:26:54.932 [I] using usvfs proxy: C:\Games\The Elder Scrolls V Skyrim - Special Edition\MO2\usvfs_proxy_x86.exe
00:26:54.978 [I] (proxy) instance: mod_organizer_instance
00:26:54.978 [I] (proxy) exe: 
00:26:54.978 [I] (proxy) pid: 2328
00:26:54.978 [I] (proxy) size: 65536
00:26:54.978 [I] (proxy) addr: 0x730000
00:26:54.978 [I] (proxy) objs: 1
00:26:54.978 [I] (proxy) injecting to process 2328 with same bitness
00:26:54.978 [I] (proxy) dll path: C:\Games\The Elder Scrolls V Skyrim - Special Edition\MO2\usvfs_x86.dll
00:26:54.978 [I] (proxy) injection to same bitness process 2328 successful
00:26:54.980 [D] proxy run successful
00:26:54.989 [I] usvfs dll 0.5.5.0 initialized in process 2328
00:26:54.990 [I] inithooks called mod_organizer_instance in process C:\Games\The Elder Scrolls V Skyrim - Special Edition\SSEEdit 4.0.4\SSEEdit.exe:2328 (log level 1, dump type 1, dump path C:/Games/The Elder Scrolls V Skyrim - Special Edition/MO2/crashDumps)
00:26:54.990 [I] access existing config in 2328
00:26:54.990 [I] 0 processes
00:26:54.990 [I] mod_organizer_instance_3 opened in process 2328
00:26:54.992 [I] attached to mod_organizer_instance_3 with 44877 nodes, size 16,777,216 B
00:26:54.993 [I] inv_mod_organizer_instance_1 opened in process 2328
00:26:54.993 [I] attached to inv_mod_organizer_instance_1 with 365 nodes, size 131,072 B
00:26:54.993 [I] Process registered in shared process list : 2328
00:26:54.993 [I] Windows version 10.0.19045 sp 0 platform 2 (19041.1.amd64fre.vb_release.191206-1406)
00:26:54.993 [I] hooked GetFileAttributesExW (0x76bc6af0) in C:\Windows\System32\KERNELBASE.dll type overwrite
00:26:54.993 [I] hooked GetFileAttributesW (0x76b9eb40) in C:\Windows\System32\KERNELBASE.dll type overwrite
00:26:54.993 [I] hooked SetFileAttributesW (0x76b96f20) in C:\Windows\System32\KERNELBASE.dll type overwrite
00:26:54.993 [I] hooked CreateDirectoryW (0x76bad770) in C:\Windows\System32\KERNELBASE.dll type overwrite
00:26:54.993 [I] hooked RemoveDirectoryW (0x76c6bef0) in C:\Windows\System32\KERNELBASE.dll type overwrite
00:26:54.993 [I] hooked DeleteFileW (0x76ba0240) in C:\Windows\System32\KERNELBASE.dll type overwrite
00:26:54.993 [I] hooked GetCurrentDirectoryA (0x76b9a6b0) in C:\Windows\System32\KERNELBASE.dll type overwrite
00:26:54.993 [I] hooked GetCurrentDirectoryW (0x76b982c0) in C:\Windows\System32\KERNELBASE.dll type overwrite
00:26:54.993 [I] hooked SetCurrentDirectoryA (0x76c70650) in C:\Windows\System32\KERNELBASE.dll type overwrite
00:26:54.993 [I] hooked SetCurrentDirectoryW (0x76b98cb0) in C:\Windows\System32\KERNELBASE.dll type overwrite
00:26:54.993 [I] hooked ExitProcess (0x7751db50) in C:\Windows\System32\KERNELBASE.dll type overwrite
00:26:54.993 [I] hooked CreateProcessInternalW (0x76b90210) in C:\Windows\System32\KERNELBASE.dll type overwrite
00:26:54.993 [I] hooked MoveFileA (0x753cf680) in C:\Windows\System32\KERNEL32.DLL type overwrite
00:26:54.993 [I] hooked MoveFileW (0x753d2350) in C:\Windows\System32\KERNEL32.DLL type overwrite
00:26:54.993 [I] hooked MoveFileExA (0x7540c010) in C:\Windows\System32\KERNEL32.DLL type overwrite
00:26:54.993 [I] hooked MoveFileExW (0x76bcac80) in C:\Windows\System32\KERNELBASE.dll type overwrite
00:26:54.993 [I] hooked MoveFileWithProgressA (0x7540c170) in C:\Windows\System32\KERNEL32.DLL type overwrite
00:26:54.993 [I] hooked MoveFileWithProgressW (0x76bcacb0) in C:\Windows\System32\KERNELBASE.dll type overwrite
00:26:54.993 [I] hooked CopyFileExW (0x76bbe3a0) in C:\Windows\System32\KERNELBASE.dll type overwrite
00:26:54.993 [I] hooked CopyFile2 (0x76c0abc0) in C:\Windows\System32\KERNELBASE.dll type overwrite
00:26:54.993 [I] hooked GetPrivateProfileStringA (0x753cb7d0) in C:\Windows\System32\KERNEL32.DLL type overwrite
00:26:54.993 [I] hooked GetPrivateProfileStringW (0x753c13c0) in C:\Windows\System32\KERNEL32.DLL type overwrite
00:26:54.993 [I] hooked GetPrivateProfileSectionA (0x75409870) in C:\Windows\System32\KERNEL32.DLL type overwrite
00:26:54.993 [I] hooked GetPrivateProfileSectionW (0x753c7d60) in C:\Windows\System32\KERNEL32.DLL type overwrite
00:26:54.993 [I] hooked WritePrivateProfileStringA (0x753c8da0) in C:\Windows\System32\KERNEL32.DLL type overwrite
00:26:54.993 [I] hooked WritePrivateProfileStringW (0x753c9620) in C:\Windows\System32\KERNEL32.DLL type overwrite
00:26:54.993 [I] hooked GetFullPathNameA (0x76b8e290) in C:\Windows\System32\KERNELBASE.dll type overwrite
00:26:54.993 [I] hooked GetFullPathNameW (0x76b9ea50) in C:\Windows\System32\KERNELBASE.dll type overwrite
00:26:54.993 [I] hooked FindFirstFileExW (0x76b9c8a0) in C:\Windows\System32\KERNELBASE.dll type overwrite
00:26:54.993 [I] hooked NtQueryFullAttributesFile (0x77534650) in C:\Windows\SYSTEM32\ntdll.dll type overwrite
00:26:54.993 [I] hooked NtQueryAttributesFile (0x775335b0) in C:\Windows\SYSTEM32\ntdll.dll type overwrite
00:26:54.993 [I] hooked NtQueryDirectoryFile (0x77533530) in C:\Windows\SYSTEM32\ntdll.dll type overwrite
00:26:54.993 [I] hooked NtQueryDirectoryFileEx (0x77534610) in C:\Windows\SYSTEM32\ntdll.dll type overwrite
00:26:54.993 [I] hooked NtOpenFile (0x77533510) in C:\Windows\SYSTEM32\ntdll.dll type overwrite
00:26:54.993 [I] hooked NtCreateFile (0x77533730) in C:\Windows\SYSTEM32\ntdll.dll type overwrite
00:26:54.993 [I] hooked NtClose (0x775332b0) in C:\Windows\SYSTEM32\ntdll.dll type overwrite
00:26:54.993 [I] hooked NtTerminateProcess (0x775334a0) in C:\Windows\SYSTEM32\ntdll.dll type overwrite
00:26:54.993 [I] hooked LoadLibraryExW (0x76ba1c90) in C:\Windows\System32\KERNELBASE.dll type overwrite
00:26:54.993 [I] hooked GetModuleFileNameW (0x76bbc640) in C:\Windows\System32\KERNELBASE.dll type overwrite
00:26:54.993 [I] inithooks in process 2328 successful
00:27:28.126 <2328:13828> [I] mapping file in vfs: C:\Games\The Elder Scrolls V Skyrim - Special Edition\Data\RFAB.esp.save.2026_02_25_00_27_28, C:\Games\The Elder Scrolls V Skyrim - Special Edition\MO2\overwrite\RFAB.esp.save.2026_02_25_00_27_28
00:27:32.007 [I] remove from tree RFAB.esp
00:27:32.007 <2328:13828> [I] Rerouting file open to location of deleted file: C:\Games\The Elder Scrolls V Skyrim - Special Edition\MO2\mods\RFAB\RFAB.esp
00:27:32.007 <2328:13828> [I] Rerouting file open to location of deleted file: C:\Games\The Elder Scrolls V Skyrim - Special Edition\MO2\mods\RFAB\RFAB.esp
00:27:32.008 [I] remove from tree RFAB.esp.save.2026_02_25_00_27_28
00:27:32.008 <2328:13828> [I] mapping file in vfs: C:\Games\The Elder Scrolls V Skyrim - Special Edition\Data\RFAB.esp, C:\Games\The Elder Scrolls V Skyrim - Special Edition\MO2\mods\RFAB\RFAB.esp
00:27:32.774 [I] releasing hook context
00:27:32.774 [I] 2 users left
00:30:01.724 [D] clearing forced libraries
00:30:01.730 [I] injecting to process 12196 with different bitness
00:30:01.731 [I] using usvfs proxy: C:\Games\The Elder Scrolls V Skyrim - Special Edition\MO2\usvfs_proxy_x86.exe
00:30:01.773 [I] (proxy) instance: mod_organizer_instance
00:30:01.774 [I] (proxy) exe: 
00:30:01.774 [I] (proxy) pid: 12196
00:30:01.774 [I] (proxy) size: 65536
00:30:01.774 [I] (proxy) addr: 0x1250000
00:30:01.774 [I] (proxy) objs: 1
00:30:01.774 [I] (proxy) injecting to process 12196 with same bitness
00:30:01.774 [I] (proxy) dll path: C:\Games\The Elder Scrolls V Skyrim - Special Edition\MO2\usvfs_x86.dll
00:30:01.774 [I] (proxy) injection to same bitness process 12196 successful
00:30:01.775 [D] proxy run successful
00:30:01.785 [I] usvfs dll 0.5.5.0 initialized in process 12196
00:30:01.785 [I] inithooks called mod_organizer_instance in process C:\Games\The Elder Scrolls V Skyrim - Special Edition\SSEEdit 4.0.4\SSEEdit.exe:12196 (log level 1, dump type 1, dump path C:/Games/The Elder Scrolls V Skyrim - Special Edition/MO2/crashDumps)
00:30:01.785 [I] access existing config in 12196
00:30:01.785 [I] 0 processes
00:30:01.785 [I] mod_organizer_instance_3 opened in process 12196
00:30:01.788 [I] attached to mod_organizer_instance_3 with 44877 nodes, size 16,777,216 B
00:30:01.788 [I] inv_mod_organizer_instance_1 opened in process 12196
00:30:01.788 [I] attached to inv_mod_organizer_instance_1 with 365 nodes, size 131,072 B
00:30:01.788 [I] Process registered in shared process list : 12196
00:30:01.788 [I] Windows version 10.0.19045 sp 0 platform 2 (19041.1.amd64fre.vb_release.191206-1406)
00:30:01.788 [I] hooked GetFileAttributesExW (0x76bc6af0) in C:\Windows\System32\KERNELBASE.dll type overwrite
00:30:01.788 [I] hooked GetFileAttributesW (0x76b9eb40) in C:\Windows\System32\KERNELBASE.dll type overwrite
00:30:01.788 [I] hooked SetFileAttributesW (0x76b96f20) in C:\Windows\System32\KERNELBASE.dll type overwrite
00:30:01.788 [I] hooked CreateDirectoryW (0x76bad770) in C:\Windows\System32\KERNELBASE.dll type overwrite
00:30:01.788 [I] hooked RemoveDirectoryW (0x76c6bef0) in C:\Windows\System32\KERNELBASE.dll type overwrite
00:30:01.788 [I] hooked DeleteFileW (0x76ba0240) in C:\Windows\System32\KERNELBASE.dll type overwrite
00:30:01.788 [I] hooked GetCurrentDirectoryA (0x76b9a6b0) in C:\Windows\System32\KERNELBASE.dll type overwrite
00:30:01.788 [I] hooked GetCurrentDirectoryW (0x76b982c0) in C:\Windows\System32\KERNELBASE.dll type overwrite
00:30:01.788 [I] hooked SetCurrentDirectoryA (0x76c70650) in C:\Windows\System32\KERNELBASE.dll type overwrite
00:30:01.788 [I] hooked SetCurrentDirectoryW (0x76b98cb0) in C:\Windows\System32\KERNELBASE.dll type overwrite
00:30:01.788 [I] hooked ExitProcess (0x7751db50) in C:\Windows\System32\KERNELBASE.dll type overwrite
00:30:01.788 [I] hooked CreateProcessInternalW (0x76b90210) in C:\Windows\System32\KERNELBASE.dll type overwrite
00:30:01.788 [I] hooked MoveFileA (0x753cf680) in C:\Windows\System32\KERNEL32.DLL type overwrite
00:30:01.788 [I] hooked MoveFileW (0x753d2350) in C:\Windows\System32\KERNEL32.DLL type overwrite
00:30:01.788 [I] hooked MoveFileExA (0x7540c010) in C:\Windows\System32\KERNEL32.DLL type overwrite
00:30:01.788 [I] hooked MoveFileExW (0x76bcac80) in C:\Windows\System32\KERNELBASE.dll type overwrite
00:30:01.788 [I] hooked MoveFileWithProgressA (0x7540c170) in C:\Windows\System32\KERNEL32.DLL type overwrite
00:30:01.788 [I] hooked MoveFileWithProgressW (0x76bcacb0) in C:\Windows\System32\KERNELBASE.dll type overwrite
00:30:01.788 [I] hooked CopyFileExW (0x76bbe3a0) in C:\Windows\System32\KERNELBASE.dll type overwrite
00:30:01.788 [I] hooked CopyFile2 (0x76c0abc0) in C:\Windows\System32\KERNELBASE.dll type overwrite
00:30:01.788 [I] hooked GetPrivateProfileStringA (0x753cb7d0) in C:\Windows\System32\KERNEL32.DLL type overwrite
00:30:01.788 [I] hooked GetPrivateProfileStringW (0x753c13c0) in C:\Windows\System32\KERNEL32.DLL type overwrite
00:30:01.788 [I] hooked GetPrivateProfileSectionA (0x75409870) in C:\Windows\System32\KERNEL32.DLL type overwrite
00:30:01.788 [I] hooked GetPrivateProfileSectionW (0x753c7d60) in C:\Windows\System32\KERNEL32.DLL type overwrite
00:30:01.788 [I] hooked WritePrivateProfileStringA (0x753c8da0) in C:\Windows\System32\KERNEL32.DLL type overwrite
00:30:01.788 [I] hooked WritePrivateProfileStringW (0x753c9620) in C:\Windows\System32\KERNEL32.DLL type overwrite
00:30:01.788 [I] hooked GetFullPathNameA (0x76b8e290) in C:\Windows\System32\KERNELBASE.dll type overwrite
00:30:01.788 [I] hooked GetFullPathNameW (0x76b9ea50) in C:\Windows\System32\KERNELBASE.dll type overwrite
00:30:01.788 [I] hooked FindFirstFileExW (0x76b9c8a0) in C:\Windows\System32\KERNELBASE.dll type overwrite
00:30:01.788 [I] hooked NtQueryFullAttributesFile (0x77534650) in C:\Windows\SYSTEM32\ntdll.dll type overwrite
00:30:01.788 [I] hooked NtQueryAttributesFile (0x775335b0) in C:\Windows\SYSTEM32\ntdll.dll type overwrite
00:30:01.788 [I] hooked NtQueryDirectoryFile (0x77533530) in C:\Windows\SYSTEM32\ntdll.dll type overwrite
00:30:01.788 [I] hooked NtQueryDirectoryFileEx (0x77534610) in C:\Windows\SYSTEM32\ntdll.dll type overwrite
00:30:01.788 [I] hooked NtOpenFile (0x77533510) in C:\Windows\SYSTEM32\ntdll.dll type overwrite
00:30:01.788 [I] hooked NtCreateFile (0x77533730) in C:\Windows\SYSTEM32\ntdll.dll type overwrite
00:30:01.788 [I] hooked NtClose (0x775332b0) in C:\Windows\SYSTEM32\ntdll.dll type overwrite
00:30:01.788 [I] hooked NtTerminateProcess (0x775334a0) in C:\Windows\SYSTEM32\ntdll.dll type overwrite
00:30:01.788 [I] hooked LoadLibraryExW (0x76ba1c90) in C:\Windows\System32\KERNELBASE.dll type overwrite
00:30:01.788 [I] hooked GetModuleFileNameW (0x76bbc640) in C:\Windows\System32\KERNELBASE.dll type overwrite
00:30:01.788 [I] inithooks in process 12196 successful
00:30:05.627 [E] thread 5340 never released the mutex
00:30:18.202 <12196:3104> [I] mapping file in vfs: C:\Games\The Elder Scrolls V Skyrim - Special Edition\Data\SSEEdit Cache\103758D4_RFAB_esp_6BB5B0E3_g1252_t65001_l65001_russian.refcache, C:\Games\The Elder Scrolls V Skyrim - Special Edition\MO2\overwrite\SSEEdit Cache\103758D4_RFAB_esp_6BB5B0E3_g1252_t65001_l65001_russian.refcache
00:34:33.397 <12196:1532> [I] mapping file in vfs: C:\Games\The Elder Scrolls V Skyrim - Special Edition\Data\RFAB.esp.save.2026_02_25_00_34_33, C:\Games\The Elder Scrolls V Skyrim - Special Edition\MO2\overwrite\RFAB.esp.save.2026_02_25_00_34_33
00:34:34.096 <12196:1532> [I] mapping file in vfs: C:\Games\The Elder Scrolls V Skyrim - Special Edition\Data\RFAB Falmer Weapon.esp.save.2026_02_25_00_34_33, C:\Games\The Elder Scrolls V Skyrim - Special Edition\MO2\overwrite\RFAB Falmer Weapon.esp.save.2026_02_25_00_34_33
00:34:51.846 [I] remove from tree RFAB.esp
00:34:51.846 <12196:1532> [I] Rerouting file open to location of deleted file: C:\Games\The Elder Scrolls V Skyrim - Special Edition\MO2\mods\RFAB\RFAB.esp
00:34:51.846 <12196:1532> [I] Rerouting file open to location of deleted file: C:\Games\The Elder Scrolls V Skyrim - Special Edition\MO2\mods\RFAB\RFAB.esp
00:34:51.847 [I] remove from tree RFAB.esp.save.2026_02_25_00_34_33
00:34:51.847 <12196:1532> [I] mapping file in vfs: C:\Games\The Elder Scrolls V Skyrim - Special Edition\Data\RFAB.esp, C:\Games\The Elder Scrolls V Skyrim - Special Edition\MO2\mods\RFAB\RFAB.esp
00:34:51.847 [I] remove from tree RFAB Falmer Weapon.esp
00:34:51.847 <12196:1532> [I] Rerouting file open to location of deleted file: C:\Games\The Elder Scrolls V Skyrim - Special Edition\MO2\overwrite\RFAB Falmer Weapon.esp
00:34:51.847 <12196:1532> [I] Rerouting file open to location of deleted file: C:\Games\The Elder Scrolls V Skyrim - Special Edition\MO2\overwrite\RFAB Falmer Weapon.esp
00:34:51.847 [I] remove from tree RFAB Falmer Weapon.esp.save.2026_02_25_00_34_33
00:34:51.847 <12196:1532> [I] mapping file in vfs: C:\Games\The Elder Scrolls V Skyrim - Special Edition\Data\RFAB Falmer Weapon.esp, C:\Games\The Elder Scrolls V Skyrim - Special Edition\MO2\overwrite\RFAB Falmer Weapon.esp
00:34:52.085 [I] releasing hook context
00:34:52.085 [I] 2 users left
00:38:12.981 [D] clearing forced libraries
00:38:12.987 [I] injecting to process 13260 with different bitness
00:38:12.987 [I] using usvfs proxy: C:\Games\The Elder Scrolls V Skyrim - Special Edition\MO2\usvfs_proxy_x86.exe
00:38:13.028 [I] (proxy) instance: mod_organizer_instance
00:38:13.028 [I] (proxy) exe: 
00:38:13.028 [I] (proxy) pid: 13260
00:38:13.028 [I] (proxy) size: 65536
00:38:13.028 [I] (proxy) addr: 0xdc0000
00:38:13.028 [I] (proxy) objs: 1
00:38:13.029 [I] (proxy) injecting to process 13260 with same bitness
00:38:13.029 [I] (proxy) dll path: C:\Games\The Elder Scrolls V Skyrim - Special Edition\MO2\usvfs_x86.dll
00:38:13.029 [I] (proxy) injection to same bitness process 13260 successful
00:38:13.030 [D] proxy run successful
00:38:13.040 [I] usvfs dll 0.5.5.0 initialized in process 13260
00:38:13.040 [I] inithooks called mod_organizer_instance in process C:\Games\The Elder Scrolls V Skyrim - Special Edition\SSEEdit 4.0.4\SSEEdit.exe:13260 (log level 1, dump type 1, dump path C:/Games/The Elder Scrolls V Skyrim - Special Edition/MO2/crashDumps)
00:38:13.040 [I] access existing config in 13260
00:38:13.040 [I] 0 processes
00:38:13.040 [I] mod_organizer_instance_3 opened in process 13260
00:38:13.043 [I] attached to mod_organizer_instance_3 with 44879 nodes, size 16,777,216 B
00:38:13.043 [I] inv_mod_organizer_instance_1 opened in process 13260
00:38:13.043 [I] attached to inv_mod_organizer_instance_1 with 365 nodes, size 131,072 B
00:38:13.043 [I] Process registered in shared process list : 13260
00:38:13.043 [I] Windows version 10.0.19045 sp 0 platform 2 (19041.1.amd64fre.vb_release.191206-1406)
00:38:13.044 [I] hooked GetFileAttributesExW (0x76bc6af0) in C:\Windows\System32\KERNELBASE.dll type overwrite
00:38:13.044 [I] hooked GetFileAttributesW (0x76b9eb40) in C:\Windows\System32\KERNELBASE.dll type overwrite
00:38:13.044 [I] hooked SetFileAttributesW (0x76b96f20) in C:\Windows\System32\KERNELBASE.dll type overwrite
00:38:13.044 [I] hooked CreateDirectoryW (0x76bad770) in C:\Windows\System32\KERNELBASE.dll type overwrite
00:38:13.044 [I] hooked RemoveDirectoryW (0x76c6bef0) in C:\Windows\System32\KERNELBASE.dll type overwrite
00:38:13.044 [I] hooked DeleteFileW (0x76ba0240) in C:\Windows\System32\KERNELBASE.dll type overwrite
00:38:13.044 [I] hooked GetCurrentDirectoryA (0x76b9a6b0) in C:\Windows\System32\KERNELBASE.dll type overwrite
00:38:13.044 [I] hooked GetCurrentDirectoryW (0x76b982c0) in C:\Windows\System32\KERNELBASE.dll type overwrite
00:38:13.044 [I] hooked SetCurrentDirectoryA (0x76c70650) in C:\Windows\System32\KERNELBASE.dll type overwrite
00:38:13.044 [I] hooked SetCurrentDirectoryW (0x76b98cb0) in C:\Windows\System32\KERNELBASE.dll type overwrite
00:38:13.044 [I] hooked ExitProcess (0x7751db50) in C:\Windows\System32\KERNELBASE.dll type overwrite
00:38:13.044 [I] hooked CreateProcessInternalW (0x76b90210) in C:\Windows\System32\KERNELBASE.dll type overwrite
00:38:13.044 [I] hooked MoveFileA (0x753cf680) in C:\Windows\System32\KERNEL32.DLL type overwrite
00:38:13.044 [I] hooked MoveFileW (0x753d2350) in C:\Windows\System32\KERNEL32.DLL type overwrite
00:38:13.044 [I] hooked MoveFileExA (0x7540c010) in C:\Windows\System32\KERNEL32.DLL type overwrite
00:38:13.044 [I] hooked MoveFileExW (0x76bcac80) in C:\Windows\System32\KERNELBASE.dll type overwrite
00:38:13.044 [I] hooked MoveFileWithProgressA (0x7540c170) in C:\Windows\System32\KERNEL32.DLL type overwrite
00:38:13.044 [I] hooked MoveFileWithProgressW (0x76bcacb0) in C:\Windows\System32\KERNELBASE.dll type overwrite
00:38:13.044 [I] hooked CopyFileExW (0x76bbe3a0) in C:\Windows\System32\KERNELBASE.dll type overwrite
00:38:13.044 [I] hooked CopyFile2 (0x76c0abc0) in C:\Windows\System32\KERNELBASE.dll type overwrite
00:38:13.044 [I] hooked GetPrivateProfileStringA (0x753cb7d0) in C:\Windows\System32\KERNEL32.DLL type overwrite
00:38:13.044 [I] hooked GetPrivateProfileStringW (0x753c13c0) in C:\Windows\System32\KERNEL32.DLL type overwrite
00:38:13.044 [I] hooked GetPrivateProfileSectionA (0x75409870) in C:\Windows\System32\KERNEL32.DLL type overwrite
00:38:13.044 [I] hooked GetPrivateProfileSectionW (0x753c7d60) in C:\Windows\System32\KERNEL32.DLL type overwrite
00:38:13.044 [I] hooked WritePrivateProfileStringA (0x753c8da0) in C:\Windows\System32\KERNEL32.DLL type overwrite
00:38:13.044 [I] hooked WritePrivateProfileStringW (0x753c9620) in C:\Windows\System32\KERNEL32.DLL type overwrite
00:38:13.044 [I] hooked GetFullPathNameA (0x76b8e290) in C:\Windows\System32\KERNELBASE.dll type overwrite
00:38:13.044 [I] hooked GetFullPathNameW (0x76b9ea50) in C:\Windows\System32\KERNELBASE.dll type overwrite
00:38:13.044 [I] hooked FindFirstFileExW (0x76b9c8a0) in C:\Windows\System32\KERNELBASE.dll type overwrite
00:38:13.044 [I] hooked NtQueryFullAttributesFile (0x77534650) in C:\Windows\SYSTEM32\ntdll.dll type overwrite
00:38:13.044 [I] hooked NtQueryAttributesFile (0x775335b0) in C:\Windows\SYSTEM32\ntdll.dll type overwrite
00:38:13.044 [I] hooked NtQueryDirectoryFile (0x77533530) in C:\Windows\SYSTEM32\ntdll.dll type overwrite
00:38:13.044 [I] hooked NtQueryDirectoryFileEx (0x77534610) in C:\Windows\SYSTEM32\ntdll.dll type overwrite
00:38:13.044 [I] hooked NtOpenFile (0x77533510) in C:\Windows\SYSTEM32\ntdll.dll type overwrite
00:38:13.044 [I] hooked NtCreateFile (0x77533730) in C:\Windows\SYSTEM32\ntdll.dll type overwrite
00:38:13.044 [I] hooked NtClose (0x775332b0) in C:\Windows\SYSTEM32\ntdll.dll type overwrite
00:38:13.044 [I] hooked NtTerminateProcess (0x775334a0) in C:\Windows\SYSTEM32\ntdll.dll type overwrite
00:38:13.044 [I] hooked LoadLibraryExW (0x76ba1c90) in C:\Windows\System32\KERNELBASE.dll type overwrite
00:38:13.044 [I] hooked GetModuleFileNameW (0x76bbc640) in C:\Windows\System32\KERNELBASE.dll type overwrite
00:38:13.044 [I] inithooks in process 13260 successful
00:38:29.086 <13260:16668> [I] mapping file in vfs: C:\Games\The Elder Scrolls V Skyrim - Special Edition\Data\SSEEdit Cache\103758D4_RFAB_esp_63817ADE_g1252_t65001_l65001_russian.refcache, C:\Games\The Elder Scrolls V Skyrim - Special Edition\MO2\overwrite\SSEEdit Cache\103758D4_RFAB_esp_63817ADE_g1252_t65001_l65001_russian.refcache
00:38:49.244 <13260:6156> [I] mapping file in vfs: C:\Games\The Elder Scrolls V Skyrim - Special Edition\Data\RFAB.esp.save.2026_02_25_00_38_49, C:\Games\The Elder Scrolls V Skyrim - Special Edition\MO2\overwrite\RFAB.esp.save.2026_02_25_00_38_49
00:38:49.972 <13260:6156> [I] mapping file in vfs: C:\Games\The Elder Scrolls V Skyrim - Special Edition\Data\RFAB Thunderball.esp.save.2026_02_25_00_38_49, C:\Games\The Elder Scrolls V Skyrim - Special Edition\MO2\overwrite\RFAB Thunderball.esp.save.2026_02_25_00_38_49
00:38:53.405 [I] remove from tree RFAB.esp
00:38:53.405 <13260:6156> [I] Rerouting file open to location of deleted file: C:\Games\The Elder Scrolls V Skyrim - Special Edition\MO2\mods\RFAB\RFAB.esp
00:38:53.405 <13260:6156> [I] Rerouting file open to location of deleted file: C:\Games\The Elder Scrolls V Skyrim - Special Edition\MO2\mods\RFAB\RFAB.esp
00:38:53.405 [I] remove from tree RFAB.esp.save.2026_02_25_00_38_49
00:38:53.405 <13260:6156> [I] mapping file in vfs: C:\Games\The Elder Scrolls V Skyrim - Special Edition\Data\RFAB.esp, C:\Games\The Elder Scrolls V Skyrim - Special Edition\MO2\mods\RFAB\RFAB.esp
00:38:53.405 [I] remove from tree RFAB Thunderball.esp
00:38:53.405 <13260:6156> [I] Rerouting file open to location of deleted file: C:\Games\The Elder Scrolls V Skyrim - Special Edition\MO2\overwrite\RFAB Thunderball.esp
00:38:53.406 <13260:6156> [I] Rerouting file open to location of deleted file: C:\Games\The Elder Scrolls V Skyrim - Special Edition\MO2\overwrite\RFAB Thunderball.esp
00:38:53.406 [I] remove from tree RFAB Thunderball.esp.save.2026_02_25_00_38_49
00:38:53.406 <13260:6156> [I] mapping file in vfs: C:\Games\The Elder Scrolls V Skyrim - Special Edition\Data\RFAB Thunderball.esp, C:\Games\The Elder Scrolls V Skyrim - Special Edition\MO2\overwrite\RFAB Thunderball.esp
00:38:53.618 [I] releasing hook context
00:38:53.618 [I] 2 users left
00:41:12.219 [D] clearing forced libraries
00:41:12.225 [I] injecting to process 16880 with different bitness
00:41:12.225 [I] using usvfs proxy: C:\Games\The Elder Scrolls V Skyrim - Special Edition\MO2\usvfs_proxy_x86.exe
00:41:12.269 [I] (proxy) instance: mod_organizer_instance
00:41:12.270 [I] (proxy) exe: 
00:41:12.270 [I] (proxy) pid: 16880
00:41:12.270 [I] (proxy) size: 65536
00:41:12.270 [I] (proxy) addr: 0x2eb0000
00:41:12.270 [I] (proxy) objs: 1
00:41:12.270 [I] (proxy) injecting to process 16880 with same bitness
00:41:12.270 [I] (proxy) dll path: C:\Games\The Elder Scrolls V Skyrim - Special Edition\MO2\usvfs_x86.dll
00:41:12.270 [I] (proxy) injection to same bitness process 16880 successful
00:41:12.271 [D] proxy run successful
00:41:12.279 [I] usvfs dll 0.5.5.0 initialized in process 16880
00:41:12.280 [I] inithooks called mod_organizer_instance in process C:\Games\The Elder Scrolls V Skyrim - Special Edition\SSEEdit 4.0.4\SSEEdit.exe:16880 (log level 1, dump type 1, dump path C:/Games/The Elder Scrolls V Skyrim - Special Edition/MO2/crashDumps)
00:41:12.280 [I] access existing config in 16880
00:41:12.280 [I] 0 processes
00:41:12.280 [I] mod_organizer_instance_3 opened in process 16880
00:41:12.283 [I] attached to mod_organizer_instance_3 with 44881 nodes, size 16,777,216 B
00:41:12.283 [I] inv_mod_organizer_instance_1 opened in process 16880
00:41:12.283 [I] attached to inv_mod_organizer_instance_1 with 365 nodes, size 131,072 B
00:41:12.283 [I] Process registered in shared process list : 16880
00:41:12.283 [I] Windows version 10.0.19045 sp 0 platform 2 (19041.1.amd64fre.vb_release.191206-1406)
00:41:12.283 [I] hooked GetFileAttributesExW (0x76bc6af0) in C:\Windows\System32\KERNELBASE.dll type overwrite
00:41:12.283 [I] hooked GetFileAttributesW (0x76b9eb40) in C:\Windows\System32\KERNELBASE.dll type overwrite
00:41:12.283 [I] hooked SetFileAttributesW (0x76b96f20) in C:\Windows\System32\KERNELBASE.dll type overwrite
00:41:12.283 [I] hooked CreateDirectoryW (0x76bad770) in C:\Windows\System32\KERNELBASE.dll type overwrite
00:41:12.283 [I] hooked RemoveDirectoryW (0x76c6bef0) in C:\Windows\System32\KERNELBASE.dll type overwrite
00:41:12.283 [I] hooked DeleteFileW (0x76ba0240) in C:\Windows\System32\KERNELBASE.dll type overwrite
00:41:12.283 [I] hooked GetCurrentDirectoryA (0x76b9a6b0) in C:\Windows\System32\KERNELBASE.dll type overwrite
00:41:12.283 [I] hooked GetCurrentDirectoryW (0x76b982c0) in C:\Windows\System32\KERNELBASE.dll type overwrite
00:41:12.283 [I] hooked SetCurrentDirectoryA (0x76c70650) in C:\Windows\System32\KERNELBASE.dll type overwrite
00:41:12.283 [I] hooked SetCurrentDirectoryW (0x76b98cb0) in C:\Windows\System32\KERNELBASE.dll type overwrite
00:41:12.283 [I] hooked ExitProcess (0x7751db50) in C:\Windows\System32\KERNELBASE.dll type overwrite
00:41:12.283 [I] hooked CreateProcessInternalW (0x76b90210) in C:\Windows\System32\KERNELBASE.dll type overwrite
00:41:12.283 [I] hooked MoveFileA (0x753cf680) in C:\Windows\System32\KERNEL32.DLL type overwrite
00:41:12.283 [I] hooked MoveFileW (0x753d2350) in C:\Windows\System32\KERNEL32.DLL type overwrite
00:41:12.283 [I] hooked MoveFileExA (0x7540c010) in C:\Windows\System32\KERNEL32.DLL type overwrite
00:41:12.283 [I] hooked MoveFileExW (0x76bcac80) in C:\Windows\System32\KERNELBASE.dll type overwrite
00:41:12.283 [I] hooked MoveFileWithProgressA (0x7540c170) in C:\Windows\System32\KERNEL32.DLL type overwrite
00:41:12.283 [I] hooked MoveFileWithProgressW (0x76bcacb0) in C:\Windows\System32\KERNELBASE.dll type overwrite
00:41:12.283 [I] hooked CopyFileExW (0x76bbe3a0) in C:\Windows\System32\KERNELBASE.dll type overwrite
00:41:12.283 [I] hooked CopyFile2 (0x76c0abc0) in C:\Windows\System32\KERNELBASE.dll type overwrite
00:41:12.283 [I] hooked GetPrivateProfileStringA (0x753cb7d0) in C:\Windows\System32\KERNEL32.DLL type overwrite
00:41:12.283 [I] hooked GetPrivateProfileStringW (0x753c13c0) in C:\Windows\System32\KERNEL32.DLL type overwrite
00:41:12.283 [I] hooked GetPrivateProfileSectionA (0x75409870) in C:\Windows\System32\KERNEL32.DLL type overwrite
00:41:12.283 [I] hooked GetPrivateProfileSectionW (0x753c7d60) in C:\Windows\System32\KERNEL32.DLL type overwrite
00:41:12.283 [I] hooked WritePrivateProfileStringA (0x753c8da0) in C:\Windows\System32\KERNEL32.DLL type overwrite
00:41:12.283 [I] hooked WritePrivateProfileStringW (0x753c9620) in C:\Windows\System32\KERNEL32.DLL type overwrite
00:41:12.283 [I] hooked GetFullPathNameA (0x76b8e290) in C:\Windows\System32\KERNELBASE.dll type overwrite
00:41:12.283 [I] hooked GetFullPathNameW (0x76b9ea50) in C:\Windows\System32\KERNELBASE.dll type overwrite
00:41:12.283 [I] hooked FindFirstFileExW (0x76b9c8a0) in C:\Windows\System32\KERNELBASE.dll type overwrite
00:41:12.283 [I] hooked NtQueryFullAttributesFile (0x77534650) in C:\Windows\SYSTEM32\ntdll.dll type overwrite
00:41:12.283 [I] hooked NtQueryAttributesFile (0x775335b0) in C:\Windows\SYSTEM32\ntdll.dll type overwrite
00:41:12.283 [I] hooked NtQueryDirectoryFile (0x77533530) in C:\Windows\SYSTEM32\ntdll.dll type overwrite
00:41:12.283 [I] hooked NtQueryDirectoryFileEx (0x77534610) in C:\Windows\SYSTEM32\ntdll.dll type overwrite
00:41:12.283 [I] hooked NtOpenFile (0x77533510) in C:\Windows\SYSTEM32\ntdll.dll type overwrite
00:41:12.283 [I] hooked NtCreateFile (0x77533730) in C:\Windows\SYSTEM32\ntdll.dll type overwrite
00:41:12.283 [I] hooked NtClose (0x775332b0) in C:\Windows\SYSTEM32\ntdll.dll type overwrite
00:41:12.283 [I] hooked NtTerminateProcess (0x775334a0) in C:\Windows\SYSTEM32\ntdll.dll type overwrite
00:41:12.283 [I] hooked LoadLibraryExW (0x76ba1c90) in C:\Windows\System32\KERNELBASE.dll type overwrite
00:41:12.283 [I] hooked GetModuleFileNameW (0x76bbc640) in C:\Windows\System32\KERNELBASE.dll type overwrite
00:41:12.283 [I] inithooks in process 16880 successful
00:41:28.114 <16880:9864> [I] mapping file in vfs: C:\Games\The Elder Scrolls V Skyrim - Special Edition\Data\SSEEdit Cache\103758D4_RFAB_esp_899E1566_g1252_t65001_l65001_russian.refcache, C:\Games\The Elder Scrolls V Skyrim - Special Edition\MO2\overwrite\SSEEdit Cache\103758D4_RFAB_esp_899E1566_g1252_t65001_l65001_russian.refcache
00:41:54.348 <16880:12828> [I] mapping file in vfs: C:\Games\The Elder Scrolls V Skyrim - Special Edition\Data\RFAB.esp.save.2026_02_25_00_41_54, C:\Games\The Elder Scrolls V Skyrim - Special Edition\MO2\overwrite\RFAB.esp.save.2026_02_25_00_41_54
00:41:58.260 [I] remove from tree RFAB.esp
00:41:58.260 <16880:12828> [I] Rerouting file open to location of deleted file: C:\Games\The Elder Scrolls V Skyrim - Special Edition\MO2\mods\RFAB\RFAB.esp
00:41:58.260 <16880:12828> [I] Rerouting file open to location of deleted file: C:\Games\The Elder Scrolls V Skyrim - Special Edition\MO2\mods\RFAB\RFAB.esp
00:41:58.261 [I] remove from tree RFAB.esp.save.2026_02_25_00_41_54
00:41:58.261 <16880:12828> [I] mapping file in vfs: C:\Games\The Elder Scrolls V Skyrim - Special Edition\Data\RFAB.esp, C:\Games\The Elder Scrolls V Skyrim - Special Edition\MO2\mods\RFAB\RFAB.esp
00:41:58.485 [I] releasing hook context
00:41:58.485 [I] 2 users left
