21:36:08.814 [I] usvfs dll 0.5.5.0 initialized in process 8936
21:36:08.814 [D] remove from process 8936
21:36:08.814 [I] create config in 8936
21:36:08.814 [I] 0 processes
21:36:08.814 [I] mod_organizer_instance_1 created in process 8936
21:36:08.814 [I] attached to mod_organizer_instance_1 with 1 nodes, size 4,194,304 B
21:36:08.814 [I] inv_mod_organizer_instance_1 created in process 8936
21:36:08.814 [I] attached to inv_mod_organizer_instance_1 with 1 nodes, size 131,072 B
21:36:08.814 [D] context current shm: mod_organizer_instance (now 2 connections)
21:36:08.814 [D] clearing blacklist
21:36:08.814 [D] blacklisting 'Chrome.exe'
21:36:08.814 [D] blacklisting 'Firefox.exe'
21:36:08.814 [D] blacklisting 'TSVNCache.exe'
21:36:08.814 [D] blacklisting 'TGitCache.exe'
21:36:08.814 [D] blacklisting 'Steam.exe'
21:36:08.814 [D] blacklisting 'GameOverlayUI.exe'
21:36:08.814 [D] blacklisting 'Discord.exe'
21:36:08.814 [D] blacklisting 'GalaxyClient.exe'
21:36:08.814 [D] blacklisting 'Spotify.exe'
21:36:08.814 [D] clearing forced libraries
21:36:15.374 [I] ran out of memory in tree mod_organizer_instance_1, will create another one
21:36:15.374 [I] creating mod_organizer_instance_2
21:36:15.374 [I] mod_organizer_instance_2 created, activating
21:36:15.382 [I] will destroy mod_organizer_instance_1
21:36:15.382 [I] tree mod_organizer_instance_2 size now 8,388,608 B
21:36:15.382 [I] destroying mod_organizer_instance_1
21:36:15.436 [I] ran out of memory in tree mod_organizer_instance_2, will create another one
21:36:15.436 [I] creating mod_organizer_instance_3
21:36:15.436 [I] mod_organizer_instance_3 created, activating
21:36:15.453 [I] will destroy mod_organizer_instance_2
21:36:15.453 [I] tree mod_organizer_instance_3 size now 16,777,216 B
21:36:15.453 [I] destroying mod_organizer_instance_2
21:36:15.501 [D] clearing forced libraries
21:36:15.508 [I] injecting to process 14508 with different bitness
21:36:15.508 [I] using usvfs proxy: C:\Games\The Elder Scrolls V Skyrim - Special Edition\MO2\usvfs_proxy_x86.exe
21:36:15.639 [I] (proxy) instance: mod_organizer_instance
21:36:15.639 [I] (proxy) exe: 
21:36:15.639 [I] (proxy) pid: 14508
21:36:15.639 [I] (proxy) size: 65536
21:36:15.639 [I] (proxy) addr: 0x2910000
21:36:15.639 [I] (proxy) objs: 1
21:36:15.639 [I] (proxy) injecting to process 14508 with same bitness
21:36:15.639 [I] (proxy) dll path: C:\Games\The Elder Scrolls V Skyrim - Special Edition\MO2\usvfs_x86.dll
21:36:15.639 [I] (proxy) injection to same bitness process 14508 successful
21:36:15.641 [D] proxy run successful
21:36:15.653 [I] usvfs dll 0.5.5.0 initialized in process 14508
21:36:15.653 [I] inithooks called mod_organizer_instance in process C:\Games\The Elder Scrolls V Skyrim - Special Edition\SSEEdit 4.0.4\SSEEdit.exe:14508 (log level 1, dump type 1, dump path C:/Games/The Elder Scrolls V Skyrim - Special Edition/MO2/crashDumps)
21:36:15.653 [I] access existing config in 14508
21:36:15.653 [I] 0 processes
21:36:15.653 [I] mod_organizer_instance_3 opened in process 14508
21:36:15.656 [I] attached to mod_organizer_instance_3 with 44869 nodes, size 16,777,216 B
21:36:15.656 [I] inv_mod_organizer_instance_1 opened in process 14508
21:36:15.656 [I] attached to inv_mod_organizer_instance_1 with 365 nodes, size 131,072 B
21:36:15.656 [I] Process registered in shared process list : 14508
21:36:15.656 [I] Windows version 10.0.19045 sp 0 platform 2 (19041.1.amd64fre.vb_release.191206-1406)
21:36:15.656 [I] hooked GetFileAttributesExW (0x76bc6af0) in C:\Windows\System32\KERNELBASE.dll type overwrite
21:36:15.656 [I] hooked GetFileAttributesW (0x76b9eb40) in C:\Windows\System32\KERNELBASE.dll type overwrite
21:36:15.656 [I] hooked SetFileAttributesW (0x76b96f20) in C:\Windows\System32\KERNELBASE.dll type overwrite
21:36:15.656 [I] hooked CreateDirectoryW (0x76bad770) in C:\Windows\System32\KERNELBASE.dll type overwrite
21:36:15.656 [I] hooked RemoveDirectoryW (0x76c6bef0) in C:\Windows\System32\KERNELBASE.dll type overwrite
21:36:15.656 [I] hooked DeleteFileW (0x76ba0240) in C:\Windows\System32\KERNELBASE.dll type overwrite
21:36:15.656 [I] hooked GetCurrentDirectoryA (0x76b9a6b0) in C:\Windows\System32\KERNELBASE.dll type overwrite
21:36:15.656 [I] hooked GetCurrentDirectoryW (0x76b982c0) in C:\Windows\System32\KERNELBASE.dll type overwrite
21:36:15.656 [I] hooked SetCurrentDirectoryA (0x76c70650) in C:\Windows\System32\KERNELBASE.dll type overwrite
21:36:15.656 [I] hooked SetCurrentDirectoryW (0x76b98cb0) in C:\Windows\System32\KERNELBASE.dll type overwrite
21:36:15.656 [I] hooked ExitProcess (0x7751db50) in C:\Windows\System32\KERNELBASE.dll type overwrite
21:36:15.656 [I] hooked CreateProcessInternalW (0x76b90210) in C:\Windows\System32\KERNELBASE.dll type overwrite
21:36:15.656 [I] hooked MoveFileA (0x753cf680) in C:\Windows\System32\KERNEL32.DLL type overwrite
21:36:15.656 [I] hooked MoveFileW (0x753d2350) in C:\Windows\System32\KERNEL32.DLL type overwrite
21:36:15.656 [I] hooked MoveFileExA (0x7540c010) in C:\Windows\System32\KERNEL32.DLL type overwrite
21:36:15.656 [I] hooked MoveFileExW (0x76bcac80) in C:\Windows\System32\KERNELBASE.dll type overwrite
21:36:15.656 [I] hooked MoveFileWithProgressA (0x7540c170) in C:\Windows\System32\KERNEL32.DLL type overwrite
21:36:15.656 [I] hooked MoveFileWithProgressW (0x76bcacb0) in C:\Windows\System32\KERNELBASE.dll type overwrite
21:36:15.656 [I] hooked CopyFileExW (0x76bbe3a0) in C:\Windows\System32\KERNELBASE.dll type overwrite
21:36:15.656 [I] hooked CopyFile2 (0x76c0abc0) in C:\Windows\System32\KERNELBASE.dll type overwrite
21:36:15.656 [I] hooked GetPrivateProfileStringA (0x753cb7d0) in C:\Windows\System32\KERNEL32.DLL type overwrite
21:36:15.656 [I] hooked GetPrivateProfileStringW (0x753c13c0) in C:\Windows\System32\KERNEL32.DLL type overwrite
21:36:15.656 [I] hooked GetPrivateProfileSectionA (0x75409870) in C:\Windows\System32\KERNEL32.DLL type overwrite
21:36:15.656 [I] hooked GetPrivateProfileSectionW (0x753c7d60) in C:\Windows\System32\KERNEL32.DLL type overwrite
21:36:15.656 [I] hooked WritePrivateProfileStringA (0x753c8da0) in C:\Windows\System32\KERNEL32.DLL type overwrite
21:36:15.656 [I] hooked WritePrivateProfileStringW (0x753c9620) in C:\Windows\System32\KERNEL32.DLL type overwrite
21:36:15.656 [I] hooked GetFullPathNameA (0x76b8e290) in C:\Windows\System32\KERNELBASE.dll type overwrite
21:36:15.656 [I] hooked GetFullPathNameW (0x76b9ea50) in C:\Windows\System32\KERNELBASE.dll type overwrite
21:36:15.656 [I] hooked FindFirstFileExW (0x76b9c8a0) in C:\Windows\System32\KERNELBASE.dll type overwrite
21:36:15.656 [I] hooked NtQueryFullAttributesFile (0x77534650) in C:\Windows\SYSTEM32\ntdll.dll type overwrite
21:36:15.656 [I] hooked NtQueryAttributesFile (0x775335b0) in C:\Windows\SYSTEM32\ntdll.dll type overwrite
21:36:15.656 [I] hooked NtQueryDirectoryFile (0x77533530) in C:\Windows\SYSTEM32\ntdll.dll type overwrite
21:36:15.656 [I] hooked NtQueryDirectoryFileEx (0x77534610) in C:\Windows\SYSTEM32\ntdll.dll type overwrite
21:36:15.656 [I] hooked NtOpenFile (0x77533510) in C:\Windows\SYSTEM32\ntdll.dll type overwrite
21:36:15.656 [I] hooked NtCreateFile (0x77533730) in C:\Windows\SYSTEM32\ntdll.dll type overwrite
21:36:15.656 [I] hooked NtClose (0x775332b0) in C:\Windows\SYSTEM32\ntdll.dll type overwrite
21:36:15.656 [I] hooked NtTerminateProcess (0x775334a0) in C:\Windows\SYSTEM32\ntdll.dll type overwrite
21:36:15.656 [I] hooked LoadLibraryExW (0x76ba1c90) in C:\Windows\System32\KERNELBASE.dll type overwrite
21:36:15.656 [I] hooked GetModuleFileNameW (0x76bbc640) in C:\Windows\System32\KERNELBASE.dll type overwrite
21:36:15.656 [I] inithooks in process 14508 successful
21:37:51.332 [I] releasing hook context
21:37:51.332 [I] 2 users left
21:38:01.505 [D] clearing forced libraries
21:38:01.512 [I] injecting to process 9380 with different bitness
21:38:01.512 [I] using usvfs proxy: C:\Games\The Elder Scrolls V Skyrim - Special Edition\MO2\usvfs_proxy_x86.exe
21:38:01.554 [I] (proxy) instance: mod_organizer_instance
21:38:01.555 [I] (proxy) exe: 
21:38:01.555 [I] (proxy) pid: 9380
21:38:01.555 [I] (proxy) size: 65536
21:38:01.555 [I] (proxy) addr: 0x9f0000
21:38:01.555 [I] (proxy) objs: 1
21:38:01.555 [I] (proxy) injecting to process 9380 with same bitness
21:38:01.555 [I] (proxy) dll path: C:\Games\The Elder Scrolls V Skyrim - Special Edition\MO2\usvfs_x86.dll
21:38:01.555 [I] (proxy) injection to same bitness process 9380 successful
21:38:01.556 [D] proxy run successful
21:38:01.565 [I] usvfs dll 0.5.5.0 initialized in process 9380
21:38:01.566 [I] inithooks called mod_organizer_instance in process C:\Games\The Elder Scrolls V Skyrim - Special Edition\SSEEdit 4.0.4\SSEEdit.exe:9380 (log level 1, dump type 1, dump path C:/Games/The Elder Scrolls V Skyrim - Special Edition/MO2/crashDumps)
21:38:01.566 [I] access existing config in 9380
21:38:01.566 [I] 0 processes
21:38:01.566 [I] mod_organizer_instance_3 opened in process 9380
21:38:01.569 [I] attached to mod_organizer_instance_3 with 44871 nodes, size 16,777,216 B
21:38:01.569 [I] inv_mod_organizer_instance_1 opened in process 9380
21:38:01.569 [I] attached to inv_mod_organizer_instance_1 with 365 nodes, size 131,072 B
21:38:01.569 [I] Process registered in shared process list : 9380
21:38:01.569 [I] Windows version 10.0.19045 sp 0 platform 2 (19041.1.amd64fre.vb_release.191206-1406)
21:38:01.569 [I] hooked GetFileAttributesExW (0x76bc6af0) in C:\Windows\System32\KERNELBASE.dll type overwrite
21:38:01.569 [I] hooked GetFileAttributesW (0x76b9eb40) in C:\Windows\System32\KERNELBASE.dll type overwrite
21:38:01.569 [I] hooked SetFileAttributesW (0x76b96f20) in C:\Windows\System32\KERNELBASE.dll type overwrite
21:38:01.569 [I] hooked CreateDirectoryW (0x76bad770) in C:\Windows\System32\KERNELBASE.dll type overwrite
21:38:01.569 [I] hooked RemoveDirectoryW (0x76c6bef0) in C:\Windows\System32\KERNELBASE.dll type overwrite
21:38:01.569 [I] hooked DeleteFileW (0x76ba0240) in C:\Windows\System32\KERNELBASE.dll type overwrite
21:38:01.569 [I] hooked GetCurrentDirectoryA (0x76b9a6b0) in C:\Windows\System32\KERNELBASE.dll type overwrite
21:38:01.569 [I] hooked GetCurrentDirectoryW (0x76b982c0) in C:\Windows\System32\KERNELBASE.dll type overwrite
21:38:01.569 [I] hooked SetCurrentDirectoryA (0x76c70650) in C:\Windows\System32\KERNELBASE.dll type overwrite
21:38:01.569 [I] hooked SetCurrentDirectoryW (0x76b98cb0) in C:\Windows\System32\KERNELBASE.dll type overwrite
21:38:01.569 [I] hooked ExitProcess (0x7751db50) in C:\Windows\System32\KERNELBASE.dll type overwrite
21:38:01.569 [I] hooked CreateProcessInternalW (0x76b90210) in C:\Windows\System32\KERNELBASE.dll type overwrite
21:38:01.569 [I] hooked MoveFileA (0x753cf680) in C:\Windows\System32\KERNEL32.DLL type overwrite
21:38:01.569 [I] hooked MoveFileW (0x753d2350) in C:\Windows\System32\KERNEL32.DLL type overwrite
21:38:01.569 [I] hooked MoveFileExA (0x7540c010) in C:\Windows\System32\KERNEL32.DLL type overwrite
21:38:01.569 [I] hooked MoveFileExW (0x76bcac80) in C:\Windows\System32\KERNELBASE.dll type overwrite
21:38:01.569 [I] hooked MoveFileWithProgressA (0x7540c170) in C:\Windows\System32\KERNEL32.DLL type overwrite
21:38:01.569 [I] hooked MoveFileWithProgressW (0x76bcacb0) in C:\Windows\System32\KERNELBASE.dll type overwrite
21:38:01.569 [I] hooked CopyFileExW (0x76bbe3a0) in C:\Windows\System32\KERNELBASE.dll type overwrite
21:38:01.569 [I] hooked CopyFile2 (0x76c0abc0) in C:\Windows\System32\KERNELBASE.dll type overwrite
21:38:01.569 [I] hooked GetPrivateProfileStringA (0x753cb7d0) in C:\Windows\System32\KERNEL32.DLL type overwrite
21:38:01.569 [I] hooked GetPrivateProfileStringW (0x753c13c0) in C:\Windows\System32\KERNEL32.DLL type overwrite
21:38:01.569 [I] hooked GetPrivateProfileSectionA (0x75409870) in C:\Windows\System32\KERNEL32.DLL type overwrite
21:38:01.569 [I] hooked GetPrivateProfileSectionW (0x753c7d60) in C:\Windows\System32\KERNEL32.DLL type overwrite
21:38:01.569 [I] hooked WritePrivateProfileStringA (0x753c8da0) in C:\Windows\System32\KERNEL32.DLL type overwrite
21:38:01.569 [I] hooked WritePrivateProfileStringW (0x753c9620) in C:\Windows\System32\KERNEL32.DLL type overwrite
21:38:01.569 [I] hooked GetFullPathNameA (0x76b8e290) in C:\Windows\System32\KERNELBASE.dll type overwrite
21:38:01.569 [I] hooked GetFullPathNameW (0x76b9ea50) in C:\Windows\System32\KERNELBASE.dll type overwrite
21:38:01.569 [I] hooked FindFirstFileExW (0x76b9c8a0) in C:\Windows\System32\KERNELBASE.dll type overwrite
21:38:01.569 [I] hooked NtQueryFullAttributesFile (0x77534650) in C:\Windows\SYSTEM32\ntdll.dll type overwrite
21:38:01.569 [I] hooked NtQueryAttributesFile (0x775335b0) in C:\Windows\SYSTEM32\ntdll.dll type overwrite
21:38:01.569 [I] hooked NtQueryDirectoryFile (0x77533530) in C:\Windows\SYSTEM32\ntdll.dll type overwrite
21:38:01.569 [I] hooked NtQueryDirectoryFileEx (0x77534610) in C:\Windows\SYSTEM32\ntdll.dll type overwrite
21:38:01.569 [I] hooked NtOpenFile (0x77533510) in C:\Windows\SYSTEM32\ntdll.dll type overwrite
21:38:01.569 [I] hooked NtCreateFile (0x77533730) in C:\Windows\SYSTEM32\ntdll.dll type overwrite
21:38:01.569 [I] hooked NtClose (0x775332b0) in C:\Windows\SYSTEM32\ntdll.dll type overwrite
21:38:01.569 [I] hooked NtTerminateProcess (0x775334a0) in C:\Windows\SYSTEM32\ntdll.dll type overwrite
21:38:01.569 [I] hooked LoadLibraryExW (0x76ba1c90) in C:\Windows\System32\KERNELBASE.dll type overwrite
21:38:01.569 [I] hooked GetModuleFileNameW (0x76bbc640) in C:\Windows\System32\KERNELBASE.dll type overwrite
21:38:01.569 [I] inithooks in process 9380 successful
21:39:16.654 <9380:7664> [I] mapping file in vfs: C:\Games\The Elder Scrolls V Skyrim - Special Edition\Data\RFAB.esp.save.2026_02_24_21_39_16, C:\Games\The Elder Scrolls V Skyrim - Special Edition\MO2\overwrite\RFAB.esp.save.2026_02_24_21_39_16
21:39:16.859 <9380:7664> [I] mapping file in vfs: C:\Games\The Elder Scrolls V Skyrim - Special Edition\Data\Bash.esp.save.2026_02_24_21_39_16, C:\Games\The Elder Scrolls V Skyrim - Special Edition\MO2\overwrite\Bash.esp.save.2026_02_24_21_39_16
22:02:10.679 <9380:7664> [I] mapping file in vfs: C:\Games\The Elder Scrolls V Skyrim - Special Edition\Data\RFAB.esp.save.2026_02_24_22_02_10, C:\Games\The Elder Scrolls V Skyrim - Special Edition\MO2\overwrite\RFAB.esp.save.2026_02_24_22_02_10
22:02:10.916 <9380:7664> [I] mapping file in vfs: C:\Games\The Elder Scrolls V Skyrim - Special Edition\Data\Bash.esp.save.2026_02_24_22_02_10, C:\Games\The Elder Scrolls V Skyrim - Special Edition\MO2\overwrite\Bash.esp.save.2026_02_24_22_02_10
22:13:52.814 <9380:7664> [I] mapping file in vfs: C:\Games\The Elder Scrolls V Skyrim - Special Edition\Data\RFAB.esp.save.2026_02_24_22_13_52, C:\Games\The Elder Scrolls V Skyrim - Special Edition\MO2\overwrite\RFAB.esp.save.2026_02_24_22_13_52
22:13:53.126 <9380:7664> [I] mapping file in vfs: C:\Games\The Elder Scrolls V Skyrim - Special Edition\Data\Bash.esp.save.2026_02_24_22_13_52, C:\Games\The Elder Scrolls V Skyrim - Special Edition\MO2\overwrite\Bash.esp.save.2026_02_24_22_13_52
22:14:13.470 [I] remove from tree RFAB.esp
22:14:13.470 <9380:7664> [I] Rerouting file open to location of deleted file: C:\Games\The Elder Scrolls V Skyrim - Special Edition\MO2\mods\RFAB\RFAB.esp
22:14:13.470 <9380:7664> [I] Rerouting file open to location of deleted file: C:\Games\The Elder Scrolls V Skyrim - Special Edition\MO2\mods\RFAB\RFAB.esp
22:14:13.471 [I] remove from tree RFAB.esp.save.2026_02_24_21_39_16
22:14:13.471 <9380:7664> [I] mapping file in vfs: C:\Games\The Elder Scrolls V Skyrim - Special Edition\Data\RFAB.esp, C:\Games\The Elder Scrolls V Skyrim - Special Edition\MO2\mods\RFAB\RFAB.esp
22:14:13.471 [I] remove from tree Bash.esp
22:14:13.471 <9380:7664> [I] Rerouting file open to location of deleted file: C:\Games\The Elder Scrolls V Skyrim - Special Edition\MO2\overwrite\Bash.esp
22:14:13.471 <9380:7664> [I] Rerouting file open to location of deleted file: C:\Games\The Elder Scrolls V Skyrim - Special Edition\MO2\overwrite\Bash.esp
22:14:13.471 [I] remove from tree Bash.esp.save.2026_02_24_21_39_16
22:14:13.471 <9380:7664> [I] mapping file in vfs: C:\Games\The Elder Scrolls V Skyrim - Special Edition\Data\Bash.esp, C:\Games\The Elder Scrolls V Skyrim - Special Edition\MO2\overwrite\Bash.esp
22:14:13.473 [I] remove from tree RFAB.esp
22:14:13.473 <9380:7664> [I] Rerouting file open to location of deleted file: C:\Games\The Elder Scrolls V Skyrim - Special Edition\MO2\mods\RFAB\RFAB.esp
22:14:13.473 <9380:7664> [I] Rerouting file open to location of deleted file: C:\Games\The Elder Scrolls V Skyrim - Special Edition\MO2\mods\RFAB\RFAB.esp
22:14:13.473 [I] remove from tree RFAB.esp.save.2026_02_24_22_02_10
22:14:13.473 <9380:7664> [I] mapping file in vfs: C:\Games\The Elder Scrolls V Skyrim - Special Edition\Data\RFAB.esp, C:\Games\The Elder Scrolls V Skyrim - Special Edition\MO2\mods\RFAB\RFAB.esp
22:14:13.473 [I] remove from tree Bash.esp
22:14:13.473 <9380:7664> [I] Rerouting file open to location of deleted file: C:\Games\The Elder Scrolls V Skyrim - Special Edition\MO2\overwrite\Bash.esp
22:14:13.473 <9380:7664> [I] Rerouting file open to location of deleted file: C:\Games\The Elder Scrolls V Skyrim - Special Edition\MO2\overwrite\Bash.esp
22:14:13.474 [I] remove from tree Bash.esp.save.2026_02_24_22_02_10
22:14:13.474 <9380:7664> [I] mapping file in vfs: C:\Games\The Elder Scrolls V Skyrim - Special Edition\Data\Bash.esp, C:\Games\The Elder Scrolls V Skyrim - Special Edition\MO2\overwrite\Bash.esp
22:14:13.475 [I] remove from tree RFAB.esp
22:14:13.475 <9380:7664> [I] Rerouting file open to location of deleted file: C:\Games\The Elder Scrolls V Skyrim - Special Edition\MO2\mods\RFAB\RFAB.esp
22:14:13.475 <9380:7664> [I] Rerouting file open to location of deleted file: C:\Games\The Elder Scrolls V Skyrim - Special Edition\MO2\mods\RFAB\RFAB.esp
22:14:13.476 [I] remove from tree RFAB.esp.save.2026_02_24_22_13_52
22:14:13.476 <9380:7664> [I] mapping file in vfs: C:\Games\The Elder Scrolls V Skyrim - Special Edition\Data\RFAB.esp, C:\Games\The Elder Scrolls V Skyrim - Special Edition\MO2\mods\RFAB\RFAB.esp
22:14:13.476 [I] remove from tree Bash.esp
22:14:13.476 <9380:7664> [I] Rerouting file open to location of deleted file: C:\Games\The Elder Scrolls V Skyrim - Special Edition\MO2\overwrite\Bash.esp
22:14:13.476 <9380:7664> [I] Rerouting file open to location of deleted file: C:\Games\The Elder Scrolls V Skyrim - Special Edition\MO2\overwrite\Bash.esp
22:14:13.476 [I] remove from tree Bash.esp.save.2026_02_24_22_13_52
22:14:13.476 <9380:7664> [I] mapping file in vfs: C:\Games\The Elder Scrolls V Skyrim - Special Edition\Data\Bash.esp, C:\Games\The Elder Scrolls V Skyrim - Special Edition\MO2\overwrite\Bash.esp
22:14:13.700 [I] releasing hook context
22:14:13.700 [I] 2 users left
22:14:24.778 [D] clearing forced libraries
22:14:24.784 [I] injecting to process 1692 with different bitness
22:14:24.784 [I] using usvfs proxy: C:\Games\The Elder Scrolls V Skyrim - Special Edition\MO2\usvfs_proxy_x86.exe
22:14:24.823 [I] (proxy) instance: mod_organizer_instance
22:14:24.823 [I] (proxy) exe: 
22:14:24.823 [I] (proxy) pid: 1692
22:14:24.823 [I] (proxy) size: 65536
22:14:24.823 [I] (proxy) addr: 0x2e60000
22:14:24.823 [I] (proxy) objs: 1
22:14:24.823 [I] (proxy) injecting to process 1692 with same bitness
22:14:24.823 [I] (proxy) dll path: C:\Games\The Elder Scrolls V Skyrim - Special Edition\MO2\usvfs_x86.dll
22:14:24.824 [I] (proxy) injection to same bitness process 1692 successful
22:14:24.825 [D] proxy run successful
22:14:24.834 [I] usvfs dll 0.5.5.0 initialized in process 1692
22:14:24.835 [I] inithooks called mod_organizer_instance in process C:\Games\The Elder Scrolls V Skyrim - Special Edition\SSEEdit 4.0.4\SSEEdit.exe:1692 (log level 1, dump type 1, dump path C:/Games/The Elder Scrolls V Skyrim - Special Edition/MO2/crashDumps)
22:14:24.835 [I] access existing config in 1692
22:14:24.835 [I] 0 processes
22:14:24.835 [I] mod_organizer_instance_3 opened in process 1692
22:14:24.838 [I] attached to mod_organizer_instance_3 with 44869 nodes, size 16,777,216 B
22:14:24.838 [I] inv_mod_organizer_instance_1 opened in process 1692
22:14:24.838 [I] attached to inv_mod_organizer_instance_1 with 365 nodes, size 131,072 B
22:14:24.838 [I] Process registered in shared process list : 1692
22:14:24.838 [I] Windows version 10.0.19045 sp 0 platform 2 (19041.1.amd64fre.vb_release.191206-1406)
22:14:24.838 [I] hooked GetFileAttributesExW (0x76bc6af0) in C:\Windows\System32\KERNELBASE.dll type overwrite
22:14:24.838 [I] hooked GetFileAttributesW (0x76b9eb40) in C:\Windows\System32\KERNELBASE.dll type overwrite
22:14:24.838 [I] hooked SetFileAttributesW (0x76b96f20) in C:\Windows\System32\KERNELBASE.dll type overwrite
22:14:24.838 [I] hooked CreateDirectoryW (0x76bad770) in C:\Windows\System32\KERNELBASE.dll type overwrite
22:14:24.838 [I] hooked RemoveDirectoryW (0x76c6bef0) in C:\Windows\System32\KERNELBASE.dll type overwrite
22:14:24.838 [I] hooked DeleteFileW (0x76ba0240) in C:\Windows\System32\KERNELBASE.dll type overwrite
22:14:24.838 [I] hooked GetCurrentDirectoryA (0x76b9a6b0) in C:\Windows\System32\KERNELBASE.dll type overwrite
22:14:24.838 [I] hooked GetCurrentDirectoryW (0x76b982c0) in C:\Windows\System32\KERNELBASE.dll type overwrite
22:14:24.838 [I] hooked SetCurrentDirectoryA (0x76c70650) in C:\Windows\System32\KERNELBASE.dll type overwrite
22:14:24.838 [I] hooked SetCurrentDirectoryW (0x76b98cb0) in C:\Windows\System32\KERNELBASE.dll type overwrite
22:14:24.838 [I] hooked ExitProcess (0x7751db50) in C:\Windows\System32\KERNELBASE.dll type overwrite
22:14:24.838 [I] hooked CreateProcessInternalW (0x76b90210) in C:\Windows\System32\KERNELBASE.dll type overwrite
22:14:24.838 [I] hooked MoveFileA (0x753cf680) in C:\Windows\System32\KERNEL32.DLL type overwrite
22:14:24.838 [I] hooked MoveFileW (0x753d2350) in C:\Windows\System32\KERNEL32.DLL type overwrite
22:14:24.838 [I] hooked MoveFileExA (0x7540c010) in C:\Windows\System32\KERNEL32.DLL type overwrite
22:14:24.838 [I] hooked MoveFileExW (0x76bcac80) in C:\Windows\System32\KERNELBASE.dll type overwrite
22:14:24.838 [I] hooked MoveFileWithProgressA (0x7540c170) in C:\Windows\System32\KERNEL32.DLL type overwrite
22:14:24.838 [I] hooked MoveFileWithProgressW (0x76bcacb0) in C:\Windows\System32\KERNELBASE.dll type overwrite
22:14:24.838 [I] hooked CopyFileExW (0x76bbe3a0) in C:\Windows\System32\KERNELBASE.dll type overwrite
22:14:24.838 [I] hooked CopyFile2 (0x76c0abc0) in C:\Windows\System32\KERNELBASE.dll type overwrite
22:14:24.838 [I] hooked GetPrivateProfileStringA (0x753cb7d0) in C:\Windows\System32\KERNEL32.DLL type overwrite
22:14:24.838 [I] hooked GetPrivateProfileStringW (0x753c13c0) in C:\Windows\System32\KERNEL32.DLL type overwrite
22:14:24.838 [I] hooked GetPrivateProfileSectionA (0x75409870) in C:\Windows\System32\KERNEL32.DLL type overwrite
22:14:24.838 [I] hooked GetPrivateProfileSectionW (0x753c7d60) in C:\Windows\System32\KERNEL32.DLL type overwrite
22:14:24.838 [I] hooked WritePrivateProfileStringA (0x753c8da0) in C:\Windows\System32\KERNEL32.DLL type overwrite
22:14:24.838 [I] hooked WritePrivateProfileStringW (0x753c9620) in C:\Windows\System32\KERNEL32.DLL type overwrite
22:14:24.838 [I] hooked GetFullPathNameA (0x76b8e290) in C:\Windows\System32\KERNELBASE.dll type overwrite
22:14:24.838 [I] hooked GetFullPathNameW (0x76b9ea50) in C:\Windows\System32\KERNELBASE.dll type overwrite
22:14:24.838 [I] hooked FindFirstFileExW (0x76b9c8a0) in C:\Windows\System32\KERNELBASE.dll type overwrite
22:14:24.838 [I] hooked NtQueryFullAttributesFile (0x77534650) in C:\Windows\SYSTEM32\ntdll.dll type overwrite
22:14:24.838 [I] hooked NtQueryAttributesFile (0x775335b0) in C:\Windows\SYSTEM32\ntdll.dll type overwrite
22:14:24.838 [I] hooked NtQueryDirectoryFile (0x77533530) in C:\Windows\SYSTEM32\ntdll.dll type overwrite
22:14:24.838 [I] hooked NtQueryDirectoryFileEx (0x77534610) in C:\Windows\SYSTEM32\ntdll.dll type overwrite
22:14:24.838 [I] hooked NtOpenFile (0x77533510) in C:\Windows\SYSTEM32\ntdll.dll type overwrite
22:14:24.838 [I] hooked NtCreateFile (0x77533730) in C:\Windows\SYSTEM32\ntdll.dll type overwrite
22:14:24.838 [I] hooked NtClose (0x775332b0) in C:\Windows\SYSTEM32\ntdll.dll type overwrite
22:14:24.838 [I] hooked NtTerminateProcess (0x775334a0) in C:\Windows\SYSTEM32\ntdll.dll type overwrite
22:14:24.838 [I] hooked LoadLibraryExW (0x76ba1c90) in C:\Windows\System32\KERNELBASE.dll type overwrite
22:14:24.838 [I] hooked GetModuleFileNameW (0x76bbc640) in C:\Windows\System32\KERNELBASE.dll type overwrite
22:14:24.838 [I] inithooks in process 1692 successful
22:14:41.171 <1692:16032> [I] mapping file in vfs: C:\Games\The Elder Scrolls V Skyrim - Special Edition\Data\SSEEdit Cache\103758D4_RFAB_esp_509465C7_g1252_t65001_l65001_russian.refcache, C:\Games\The Elder Scrolls V Skyrim - Special Edition\MO2\overwrite\SSEEdit Cache\103758D4_RFAB_esp_509465C7_g1252_t65001_l65001_russian.refcache
22:24:34.127 <1692:10196> [I] mapping file in vfs: C:\Games\The Elder Scrolls V Skyrim - Special Edition\Data\RFAB.esp.save.2026_02_24_22_24_34, C:\Games\The Elder Scrolls V Skyrim - Special Edition\MO2\overwrite\RFAB.esp.save.2026_02_24_22_24_34
22:31:56.423 [I] remove from tree RFAB.esp
22:31:56.423 <1692:10196> [I] Rerouting file open to location of deleted file: C:\Games\The Elder Scrolls V Skyrim - Special Edition\MO2\mods\RFAB\RFAB.esp
22:31:56.423 <1692:10196> [I] Rerouting file open to location of deleted file: C:\Games\The Elder Scrolls V Skyrim - Special Edition\MO2\mods\RFAB\RFAB.esp
22:31:56.423 [I] remove from tree RFAB.esp.save.2026_02_24_22_24_34
22:31:56.423 <1692:10196> [I] mapping file in vfs: C:\Games\The Elder Scrolls V Skyrim - Special Edition\Data\RFAB.esp, C:\Games\The Elder Scrolls V Skyrim - Special Edition\MO2\mods\RFAB\RFAB.esp
22:31:56.653 [I] releasing hook context
22:31:56.653 [I] 2 users left
22:32:28.177 [D] clearing forced libraries
22:32:28.183 [I] injecting to process 14876 with different bitness
22:32:28.183 [I] using usvfs proxy: C:\Games\The Elder Scrolls V Skyrim - Special Edition\MO2\usvfs_proxy_x86.exe
22:32:28.239 [I] (proxy) instance: mod_organizer_instance
22:32:28.240 [I] (proxy) exe: 
22:32:28.240 [I] (proxy) pid: 14876
22:32:28.240 [I] (proxy) size: 65536
22:32:28.240 [I] (proxy) addr: 0x2ee0000
22:32:28.240 [I] (proxy) objs: 1
22:32:28.240 [I] (proxy) injecting to process 14876 with same bitness
22:32:28.240 [I] (proxy) dll path: C:\Games\The Elder Scrolls V Skyrim - Special Edition\MO2\usvfs_x86.dll
22:32:28.240 [I] (proxy) injection to same bitness process 14876 successful
22:32:28.242 [D] proxy run successful
22:32:28.254 [I] usvfs dll 0.5.5.0 initialized in process 14876
22:32:28.254 [I] inithooks called mod_organizer_instance in process C:\Games\The Elder Scrolls V Skyrim - Special Edition\SSEEdit 4.0.4\SSEEdit.exe:14876 (log level 1, dump type 1, dump path C:/Games/The Elder Scrolls V Skyrim - Special Edition/MO2/crashDumps)
22:32:28.254 [I] access existing config in 14876
22:32:28.254 [I] 0 processes
22:32:28.254 [I] mod_organizer_instance_3 opened in process 14876
22:32:28.257 [I] attached to mod_organizer_instance_3 with 44871 nodes, size 16,777,216 B
22:32:28.257 [I] inv_mod_organizer_instance_1 opened in process 14876
22:32:28.257 [I] attached to inv_mod_organizer_instance_1 with 365 nodes, size 131,072 B
22:32:28.257 [I] Process registered in shared process list : 14876
22:32:28.257 [I] Windows version 10.0.19045 sp 0 platform 2 (19041.1.amd64fre.vb_release.191206-1406)
22:32:28.257 [I] hooked GetFileAttributesExW (0x76bc6af0) in C:\Windows\System32\KERNELBASE.dll type overwrite
22:32:28.257 [I] hooked GetFileAttributesW (0x76b9eb40) in C:\Windows\System32\KERNELBASE.dll type overwrite
22:32:28.257 [I] hooked SetFileAttributesW (0x76b96f20) in C:\Windows\System32\KERNELBASE.dll type overwrite
22:32:28.257 [I] hooked CreateDirectoryW (0x76bad770) in C:\Windows\System32\KERNELBASE.dll type overwrite
22:32:28.257 [I] hooked RemoveDirectoryW (0x76c6bef0) in C:\Windows\System32\KERNELBASE.dll type overwrite
22:32:28.257 [I] hooked DeleteFileW (0x76ba0240) in C:\Windows\System32\KERNELBASE.dll type overwrite
22:32:28.257 [I] hooked GetCurrentDirectoryA (0x76b9a6b0) in C:\Windows\System32\KERNELBASE.dll type overwrite
22:32:28.257 [I] hooked GetCurrentDirectoryW (0x76b982c0) in C:\Windows\System32\KERNELBASE.dll type overwrite
22:32:28.257 [I] hooked SetCurrentDirectoryA (0x76c70650) in C:\Windows\System32\KERNELBASE.dll type overwrite
22:32:28.257 [I] hooked SetCurrentDirectoryW (0x76b98cb0) in C:\Windows\System32\KERNELBASE.dll type overwrite
22:32:28.257 [I] hooked ExitProcess (0x7751db50) in C:\Windows\System32\KERNELBASE.dll type overwrite
22:32:28.257 [I] hooked CreateProcessInternalW (0x76b90210) in C:\Windows\System32\KERNELBASE.dll type overwrite
22:32:28.257 [I] hooked MoveFileA (0x753cf680) in C:\Windows\System32\KERNEL32.DLL type overwrite
22:32:28.257 [I] hooked MoveFileW (0x753d2350) in C:\Windows\System32\KERNEL32.DLL type overwrite
22:32:28.257 [I] hooked MoveFileExA (0x7540c010) in C:\Windows\System32\KERNEL32.DLL type overwrite
22:32:28.257 [I] hooked MoveFileExW (0x76bcac80) in C:\Windows\System32\KERNELBASE.dll type overwrite
22:32:28.257 [I] hooked MoveFileWithProgressA (0x7540c170) in C:\Windows\System32\KERNEL32.DLL type overwrite
22:32:28.257 [I] hooked MoveFileWithProgressW (0x76bcacb0) in C:\Windows\System32\KERNELBASE.dll type overwrite
22:32:28.258 [I] hooked CopyFileExW (0x76bbe3a0) in C:\Windows\System32\KERNELBASE.dll type overwrite
22:32:28.258 [I] hooked CopyFile2 (0x76c0abc0) in C:\Windows\System32\KERNELBASE.dll type overwrite
22:32:28.258 [I] hooked GetPrivateProfileStringA (0x753cb7d0) in C:\Windows\System32\KERNEL32.DLL type overwrite
22:32:28.258 [I] hooked GetPrivateProfileStringW (0x753c13c0) in C:\Windows\System32\KERNEL32.DLL type overwrite
22:32:28.258 [I] hooked GetPrivateProfileSectionA (0x75409870) in C:\Windows\System32\KERNEL32.DLL type overwrite
22:32:28.258 [I] hooked GetPrivateProfileSectionW (0x753c7d60) in C:\Windows\System32\KERNEL32.DLL type overwrite
22:32:28.258 [I] hooked WritePrivateProfileStringA (0x753c8da0) in C:\Windows\System32\KERNEL32.DLL type overwrite
22:32:28.258 [I] hooked WritePrivateProfileStringW (0x753c9620) in C:\Windows\System32\KERNEL32.DLL type overwrite
22:32:28.258 [I] hooked GetFullPathNameA (0x76b8e290) in C:\Windows\System32\KERNELBASE.dll type overwrite
22:32:28.258 [I] hooked GetFullPathNameW (0x76b9ea50) in C:\Windows\System32\KERNELBASE.dll type overwrite
22:32:28.258 [I] hooked FindFirstFileExW (0x76b9c8a0) in C:\Windows\System32\KERNELBASE.dll type overwrite
22:32:28.258 [I] hooked NtQueryFullAttributesFile (0x77534650) in C:\Windows\SYSTEM32\ntdll.dll type overwrite
22:32:28.258 [I] hooked NtQueryAttributesFile (0x775335b0) in C:\Windows\SYSTEM32\ntdll.dll type overwrite
22:32:28.258 [I] hooked NtQueryDirectoryFile (0x77533530) in C:\Windows\SYSTEM32\ntdll.dll type overwrite
22:32:28.258 [I] hooked NtQueryDirectoryFileEx (0x77534610) in C:\Windows\SYSTEM32\ntdll.dll type overwrite
22:32:28.258 [I] hooked NtOpenFile (0x77533510) in C:\Windows\SYSTEM32\ntdll.dll type overwrite
22:32:28.258 [I] hooked NtCreateFile (0x77533730) in C:\Windows\SYSTEM32\ntdll.dll type overwrite
22:32:28.258 [I] hooked NtClose (0x775332b0) in C:\Windows\SYSTEM32\ntdll.dll type overwrite
22:32:28.258 [I] hooked NtTerminateProcess (0x775334a0) in C:\Windows\SYSTEM32\ntdll.dll type overwrite
22:32:28.258 [I] hooked LoadLibraryExW (0x76ba1c90) in C:\Windows\System32\KERNELBASE.dll type overwrite
22:32:28.258 [I] hooked GetModuleFileNameW (0x76bbc640) in C:\Windows\System32\KERNELBASE.dll type overwrite
22:32:28.258 [I] inithooks in process 14876 successful
22:32:44.126 <14876:16536> [I] mapping file in vfs: C:\Games\The Elder Scrolls V Skyrim - Special Edition\Data\SSEEdit Cache\103758D4_RFAB_esp_15C00C1E_g1252_t65001_l65001_russian.refcache, C:\Games\The Elder Scrolls V Skyrim - Special Edition\MO2\overwrite\SSEEdit Cache\103758D4_RFAB_esp_15C00C1E_g1252_t65001_l65001_russian.refcache
22:33:15.879 <14876:16116> [I] mapping file in vfs: C:\Games\The Elder Scrolls V Skyrim - Special Edition\Data\RFAB.esp.save.2026_02_24_22_33_15, C:\Games\The Elder Scrolls V Skyrim - Special Edition\MO2\overwrite\RFAB.esp.save.2026_02_24_22_33_15
22:34:44.233 <14876:16116> [I] mapping file in vfs: C:\Games\The Elder Scrolls V Skyrim - Special Edition\Data\RFAB.esp.save.2026_02_24_22_34_44, C:\Games\The Elder Scrolls V Skyrim - Special Edition\MO2\overwrite\RFAB.esp.save.2026_02_24_22_34_44
22:50:47.782 <14876:16116> [I] mapping file in vfs: C:\Games\The Elder Scrolls V Skyrim - Special Edition\Data\RFAB.esp.save.2026_02_24_22_50_47, C:\Games\The Elder Scrolls V Skyrim - Special Edition\MO2\overwrite\RFAB.esp.save.2026_02_24_22_50_47
22:52:57.743 <14876:16116> [I] mapping file in vfs: C:\Games\The Elder Scrolls V Skyrim - Special Edition\Data\RFAB.esp.save.2026_02_24_22_52_57, C:\Games\The Elder Scrolls V Skyrim - Special Edition\MO2\overwrite\RFAB.esp.save.2026_02_24_22_52_57
23:01:05.718 <14876:16116> [I] mapping file in vfs: C:\Games\The Elder Scrolls V Skyrim - Special Edition\Data\RFAB.esp.save.2026_02_24_23_01_05, C:\Games\The Elder Scrolls V Skyrim - Special Edition\MO2\overwrite\RFAB.esp.save.2026_02_24_23_01_05
23:02:51.011 [I] remove from tree RFAB.esp
23:02:51.011 <14876:16116> [I] Rerouting file open to location of deleted file: C:\Games\The Elder Scrolls V Skyrim - Special Edition\MO2\mods\RFAB\RFAB.esp
23:02:51.011 <14876:16116> [I] Rerouting file open to location of deleted file: C:\Games\The Elder Scrolls V Skyrim - Special Edition\MO2\mods\RFAB\RFAB.esp
23:02:51.011 [I] remove from tree RFAB.esp.save.2026_02_24_22_33_15
23:02:51.011 <14876:16116> [I] mapping file in vfs: C:\Games\The Elder Scrolls V Skyrim - Special Edition\Data\RFAB.esp, C:\Games\The Elder Scrolls V Skyrim - Special Edition\MO2\mods\RFAB\RFAB.esp
23:02:51.013 [I] remove from tree RFAB.esp
23:02:51.013 <14876:16116> [I] Rerouting file open to location of deleted file: C:\Games\The Elder Scrolls V Skyrim - Special Edition\MO2\mods\RFAB\RFAB.esp
23:02:51.013 <14876:16116> [I] Rerouting file open to location of deleted file: C:\Games\The Elder Scrolls V Skyrim - Special Edition\MO2\mods\RFAB\RFAB.esp
23:02:51.013 [I] remove from tree RFAB.esp.save.2026_02_24_22_34_44
23:02:51.013 <14876:16116> [I] mapping file in vfs: C:\Games\The Elder Scrolls V Skyrim - Special Edition\Data\RFAB.esp, C:\Games\The Elder Scrolls V Skyrim - Special Edition\MO2\mods\RFAB\RFAB.esp
23:02:51.015 [I] remove from tree RFAB.esp
23:02:51.015 <14876:16116> [I] Rerouting file open to location of deleted file: C:\Games\The Elder Scrolls V Skyrim - Special Edition\MO2\mods\RFAB\RFAB.esp
23:02:51.015 <14876:16116> [I] Rerouting file open to location of deleted file: C:\Games\The Elder Scrolls V Skyrim - Special Edition\MO2\mods\RFAB\RFAB.esp
23:02:51.015 [I] remove from tree RFAB.esp.save.2026_02_24_22_50_47
23:02:51.015 <14876:16116> [I] mapping file in vfs: C:\Games\The Elder Scrolls V Skyrim - Special Edition\Data\RFAB.esp, C:\Games\The Elder Scrolls V Skyrim - Special Edition\MO2\mods\RFAB\RFAB.esp
23:02:51.017 [I] remove from tree RFAB.esp
23:02:51.017 <14876:16116> [I] Rerouting file open to location of deleted file: C:\Games\The Elder Scrolls V Skyrim - Special Edition\MO2\mods\RFAB\RFAB.esp
23:02:51.017 <14876:16116> [I] Rerouting file open to location of deleted file: C:\Games\The Elder Scrolls V Skyrim - Special Edition\MO2\mods\RFAB\RFAB.esp
23:02:51.017 [I] remove from tree RFAB.esp.save.2026_02_24_22_52_57
23:02:51.017 <14876:16116> [I] mapping file in vfs: C:\Games\The Elder Scrolls V Skyrim - Special Edition\Data\RFAB.esp, C:\Games\The Elder Scrolls V Skyrim - Special Edition\MO2\mods\RFAB\RFAB.esp
23:02:51.019 [I] remove from tree RFAB.esp
23:02:51.019 <14876:16116> [I] Rerouting file open to location of deleted file: C:\Games\The Elder Scrolls V Skyrim - Special Edition\MO2\mods\RFAB\RFAB.esp
23:02:51.019 <14876:16116> [I] Rerouting file open to location of deleted file: C:\Games\The Elder Scrolls V Skyrim - Special Edition\MO2\mods\RFAB\RFAB.esp
23:02:51.019 [I] remove from tree RFAB.esp.save.2026_02_24_23_01_05
23:02:51.019 <14876:16116> [I] mapping file in vfs: C:\Games\The Elder Scrolls V Skyrim - Special Edition\Data\RFAB.esp, C:\Games\The Elder Scrolls V Skyrim - Special Edition\MO2\mods\RFAB\RFAB.esp
23:02:51.255 [I] releasing hook context
23:02:51.255 [I] 2 users left
